Using pre-set license
Built from '2020.3/staging' branch; Version is '2020.3.20f1 (41c4e627c95f) revision 4310246'; Using compiler version '192528614'; Build Type 'Release'
OS: 'Windows 10 Home; OS build 22621.232; Version 2009; 64bit' Language: 'en' Physical Memory: 16223 MB
BatchMode: 1, IsHumanControllingUs: 0, StartBugReporterOnCrash: 0, Is64bit: 1, IsPro: 0

COMMAND LINE ARGUMENTS:
F:\unity install\2020.3.20f1\Editor\Unity.exe
-adb2
-batchMode
-noUpm
-name
AssetImportWorker0
-projectPath
E:/zulk personal/Zulk/zulk unity learn/XR5G_VR
-logFile
Logs/AssetImportWorker0.log
-srvPort
59885
Successfully changed project path to: E:/zulk personal/Zulk/zulk unity learn/XR5G_VR
E:/zulk personal/Zulk/zulk unity learn/XR5G_VR
Using Asset Import Pipeline V2.
Refreshing native plugins compatible for Editor in 31.27 ms, found 2 plugins.
Preloading 0 native plugins for Editor in 0.00 ms.
Initialize engine version: 2020.3.20f1 (41c4e627c95f)
[Subsystems] Discovering subsystems at path F:/unity install/2020.3.20f1/Editor/Data/Resources/UnitySubsystems
[Subsystems] Discovering subsystems at path E:/zulk personal/Zulk/zulk unity learn/XR5G_VR/Assets
GfxDevice: creating device client; threaded=0
Direct3D:
    Version:  Direct3D 11.0 [level 11.1]
    Renderer: NVIDIA GeForce GTX 1660 Ti (ID=0x2191)
    Vendor:   
    VRAM:     5991 MB
    Driver:   31.0.15.1659
Initialize mono
Mono path[0] = 'F:/unity install/2020.3.20f1/Editor/Data/Managed'
Mono path[1] = 'F:/unity install/2020.3.20f1/Editor/Data/MonoBleedingEdge/lib/mono/unityjit'
Mono config path = 'F:/unity install/2020.3.20f1/Editor/Data/MonoBleedingEdge/etc'
Using monoOptions --debugger-agent=transport=dt_socket,embedding=1,server=y,suspend=n,address=127.0.0.1:56728
Begin MonoManager ReloadAssembly
Registering precompiled unity dll's ...
Register platform support module: F:/unity install/2020.3.20f1/Editor/Data/PlaybackEngines/WebGLSupport/UnityEditor.WebGL.Extensions.dll
Register platform support module: F:/unity install/2020.3.20f1/Editor/Data/PlaybackEngines/WindowsStandaloneSupport/UnityEditor.WindowsStandalone.Extensions.dll
Registered in 0.000948 seconds.
Native extension for WindowsStandalone target not found
Native extension for WebGL target not found
Refreshing native plugins compatible for Editor in 27.53 ms, found 2 plugins.
Preloading 0 native plugins for Editor in 0.00 ms.
Mono: successfully reloaded assembly
- Completed reload, in  1.543 seconds
Domain Reload Profiling:
	ReloadAssembly (1544ms)
		BeginReloadAssembly (51ms)
			ExecutionOrderSort (0ms)
			DisableScriptedObjects (0ms)
			BackupInstance (0ms)
			ReleaseScriptingObjects (0ms)
			CreateAndSetChildDomain (1ms)
		EndReloadAssembly (389ms)
			LoadAssemblies (51ms)
			RebuildTransferFunctionScriptingTraits (0ms)
			SetupTypeCache (153ms)
			ReleaseScriptCaches (0ms)
			RebuildScriptCaches (31ms)
			SetupLoadedEditorAssemblies (143ms)
				LogAssemblyErrors (0ms)
				InitializePlatformSupportModulesInManaged (4ms)
				SetLoadedEditorAssemblies (0ms)
				RefreshPlugins (28ms)
				BeforeProcessingInitializeOnLoad (11ms)
				ProcessInitializeOnLoadAttributes (72ms)
				ProcessInitializeOnLoadMethodAttributes (27ms)
				AfterProcessingInitializeOnLoad (0ms)
				EditorAssembliesLoaded (0ms)
			ExecutionOrderSort2 (0ms)
			AwakeInstancesAfterBackupRestoration (0ms)
Platform modules already initialized, skipping
Registering precompiled user dll's ...
Registered in 0.002632 seconds.
Begin MonoManager ReloadAssembly
Native extension for WindowsStandalone target not found
Native extension for WebGL target not found
Refreshing native plugins compatible for Editor in 0.30 ms, found 2 plugins.
Preloading 0 native plugins for Editor in 0.00 ms.
Mono: successfully reloaded assembly
- Completed reload, in  0.930 seconds
Domain Reload Profiling:
	ReloadAssembly (931ms)
		BeginReloadAssembly (134ms)
			ExecutionOrderSort (0ms)
			DisableScriptedObjects (4ms)
			BackupInstance (0ms)
			ReleaseScriptingObjects (0ms)
			CreateAndSetChildDomain (17ms)
		EndReloadAssembly (736ms)
			LoadAssemblies (81ms)
			RebuildTransferFunctionScriptingTraits (0ms)
			SetupTypeCache (251ms)
			ReleaseScriptCaches (0ms)
			RebuildScriptCaches (39ms)
			SetupLoadedEditorAssemblies (273ms)
				LogAssemblyErrors (0ms)
				InitializePlatformSupportModulesInManaged (5ms)
				SetLoadedEditorAssemblies (0ms)
				RefreshPlugins (0ms)
				BeforeProcessingInitializeOnLoad (76ms)
				ProcessInitializeOnLoadAttributes (185ms)
				ProcessInitializeOnLoadMethodAttributes (4ms)
				AfterProcessingInitializeOnLoad (2ms)
				EditorAssembliesLoaded (0ms)
			ExecutionOrderSort2 (0ms)
			AwakeInstancesAfterBackupRestoration (6ms)
Platform modules already initialized, skipping
========================================================================
Worker process is ready to serve import requests
Launched and connected shader compiler UnityShaderCompiler.exe after 0.05 seconds
Refreshing native plugins compatible for Editor in 0.47 ms, found 2 plugins.
Preloading 0 native plugins for Editor in 0.00 ms.
Unloading 1400 Unused Serialized files (Serialized files now loaded: 0)
System memory in use before: 67.2 MB.
System memory in use after: 67.3 MB.

Unloading 16 unused Assets to reduce memory usage. Loaded Objects now: 1839.
Total: 2.905400 ms (FindLiveObjects: 0.140000 ms CreateObjectMapping: 0.035000 ms MarkObjects: 2.671600 ms  DeleteObjects: 0.057800 ms)

AssetImportParameters requested are different than current active one (requested -> active):
  custom:framework-win-MediaFoundation: 216162199b28c13a410421893ffa2e32 -> 
  custom:video-decoder-ogg-theora: a1e56fd34408186e4bbccfd4996cb3dc -> 
  custom:container-muxer-webm: aa71ff27fc2769a1b78a27578f13a17b -> 
  custom:container-demuxer-webm: 4f35f7cbe854078d1ac9338744f61a02 -> 
  custom:container-demuxer-ogg: 62fdf1f143b41e24485cea50d1cbac27 -> 
  custom:video-encoder-webm-vp8: eb34c28f22e8b96e1ab97ce403110664 -> 
  custom:video-decoder-webm-vp8: 9c59270c3fd7afecdb556c50c9e8de78 -> 
  custom:audio-decoder-ogg-vorbis: bf7c407c2cedff20999df2af8eb42d56 -> 
  custom:audio-encoder-webm-vorbis: bf7c407c2cedff20999df2af8eb42d56 -> 
========================================================================
Received Import Request.
  path: Assets/Models/Lab/model.dae
  artifactKey: Guid(4cd196179776e9b48803e2ab8e6772ba) Importer(815301076,1909f56bfc062723c751e8b465ee728b)
Start importing Assets/Models/Lab/model.dae using Guid(4cd196179776e9b48803e2ab8e6772ba) Importer(815301076,1909f56bfc062723c751e8b465ee728b)  -> (artifact id: '7d9eeab5cdd7669bef62d90b8537d503') in 0.327992 seconds 
  Import took 0.330123 seconds .

========================================================================
Received Import Request.
  Time since last request: 54.312525 seconds.
  path: Assets/Models/Lab/Hj├ñrna3_1_albedo.jpg
  artifactKey: Guid(939ff0bba69c21c43af1071650307cab) Importer(815301076,1909f56bfc062723c751e8b465ee728b)
Start importing Assets/Models/Lab/Hj├ñrna3_1_albedo.jpg using Guid(939ff0bba69c21c43af1071650307cab) Importer(815301076,1909f56bfc062723c751e8b465ee728b)  -> (artifact id: '16addc52cc4d2f0026563613c7c98436') in 0.053619 seconds 
  Import took 0.056431 seconds .

========================================================================
Received Import Request.
  Time since last request: 0.000366 seconds.
  path: Assets/Models/Lab/Hj├ñrna3_1_AO.jpg
  artifactKey: Guid(08fdba8a83f73f84b96e81df4ec6bf07) Importer(815301076,1909f56bfc062723c751e8b465ee728b)
Start importing Assets/Models/Lab/Hj├ñrna3_1_AO.jpg using Guid(08fdba8a83f73f84b96e81df4ec6bf07) Importer(815301076,1909f56bfc062723c751e8b465ee728b)  -> (artifact id: 'ba6cf2b0e3d569ef0626617e254504b6') in 0.011299 seconds 
  Import took 0.013278 seconds .

========================================================================
Received Import Request.
  Time since last request: 0.000366 seconds.
  path: Assets/Models/Lab/Hj├ñrna3_1_roughness.jpg
  artifactKey: Guid(7a90fbc8f13240e448fa20bd586240af) Importer(815301076,1909f56bfc062723c751e8b465ee728b)
Start importing Assets/Models/Lab/Hj├ñrna3_1_roughness.jpg using Guid(7a90fbc8f13240e448fa20bd586240af) Importer(815301076,1909f56bfc062723c751e8b465ee728b)  -> (artifact id: '635a16fbb9cbaac07d961484f3dc6d4c') in 0.010885 seconds 
  Import took 0.013129 seconds .

========================================================================
Received Import Request.
  Time since last request: 0.000364 seconds.
  path: Assets/Models/Lab/Hj├ñrna3_1_normal.png
  artifactKey: Guid(7b00e45d8ded760449835b804de82193) Importer(815301076,1909f56bfc062723c751e8b465ee728b)
Start importing Assets/Models/Lab/Hj├ñrna3_1_normal.png using Guid(7b00e45d8ded760449835b804de82193) Importer(815301076,1909f56bfc062723c751e8b465ee728b)  -> (artifact id: '46a066ae0fa679ac20d7befa9999fef4') in 0.018458 seconds 
  Import took 0.020403 seconds .

========================================================================
Received Import Request.
  Time since last request: 419.014727 seconds.
  path: Assets/Models/Lab/Default Material_Flattened_Normal Map.png
  artifactKey: Guid(5bb1b01f6fba8dc49af4a767a22a2ec9) Importer(815301076,1909f56bfc062723c751e8b465ee728b)
Start importing Assets/Models/Lab/Default Material_Flattened_Normal Map.png using Guid(5bb1b01f6fba8dc49af4a767a22a2ec9) Importer(815301076,1909f56bfc062723c751e8b465ee728b)  -> (artifact id: '7a878c7a51b3f23a7ea58e86356c9a66') in 0.012237 seconds 
  Import took 0.015064 seconds .

========================================================================
Received Import Request.
  Time since last request: 27.445267 seconds.
  path: Assets/Models/Lab/model.dae
  artifactKey: Guid(2bb4b4daf7c788e479bef7958d696ae3) Importer(815301076,1909f56bfc062723c751e8b465ee728b)
Start importing Assets/Models/Lab/model.dae using Guid(2bb4b4daf7c788e479bef7958d696ae3) Importer(815301076,1909f56bfc062723c751e8b465ee728b)  -> (artifact id: '4ff42186bb41cacc35675d042aa7ce42') in 0.023945 seconds 
  Import took 0.026158 seconds .

========================================================================
Received Import Request.
  Time since last request: 42.341442 seconds.
  path: Assets/Models/Lab/allt2.FBX
  artifactKey: Guid(2bbab32f684f4dc41b450d04e2253286) Importer(815301076,1909f56bfc062723c751e8b465ee728b)
Start importing Assets/Models/Lab/allt2.FBX using Guid(2bbab32f684f4dc41b450d04e2253286) Importer(815301076,1909f56bfc062723c751e8b465ee728b)  -> (artifact id: '01c1768a070c209cf46d129b4204a8f0') in 0.517015 seconds 
  Import took 0.519375 seconds .

========================================================================
Received Import Request.
  Time since last request: 5.933648 seconds.
  path: Assets/Models/Lab/allt2.FBX
  artifactKey: Guid(2bbab32f684f4dc41b450d04e2253286) Importer(815301076,1909f56bfc062723c751e8b465ee728b)
Start importing Assets/Models/Lab/allt2.FBX using Guid(2bbab32f684f4dc41b450d04e2253286) Importer(815301076,1909f56bfc062723c751e8b465ee728b)  -> (artifact id: '76b6d6721773414bae526933bb8ec1a4') in 0.047620 seconds 
  Import took 0.050525 seconds .

========================================================================
Received Import Request.
  Time since last request: 343.335486 seconds.
  path: Assets/Models/Lab/Default Material_Flattened_Diffuse.png
  artifactKey: Guid(b514add976e84004ea27ecbecc4cf82e) Importer(815301076,1909f56bfc062723c751e8b465ee728b)
Start importing Assets/Models/Lab/Default Material_Flattened_Diffuse.png using Guid(b514add976e84004ea27ecbecc4cf82e) Importer(815301076,1909f56bfc062723c751e8b465ee728b)  -> (artifact id: 'fcf11f8d77992ae65b3441654cf22385') in 0.014569 seconds 
  Import took 0.017491 seconds .

========================================================================
Received Import Request.
  Time since last request: 19.831178 seconds.
  path: Assets/Models/Lab/eye Default Material_Flattened_Diffuse.png
  artifactKey: Guid(b514add976e84004ea27ecbecc4cf82e) Importer(815301076,1909f56bfc062723c751e8b465ee728b)
Start importing Assets/Models/Lab/eye Default Material_Flattened_Diffuse.png using Guid(b514add976e84004ea27ecbecc4cf82e) Importer(815301076,1909f56bfc062723c751e8b465ee728b)  -> (artifact id: 'd39bb2e75b0d76356155053c5889d6b7') in 0.010161 seconds 
  Import took 0.012567 seconds .

========================================================================
Received Import Request.
  Time since last request: 3.498236 seconds.
  path: Assets/Models/Lab/Default Material_Flattened_Normal Map.png
  artifactKey: Guid(5bb1b01f6fba8dc49af4a767a22a2ec9) Importer(815301076,1909f56bfc062723c751e8b465ee728b)
Start importing Assets/Models/Lab/Default Material_Flattened_Normal Map.png using Guid(5bb1b01f6fba8dc49af4a767a22a2ec9) Importer(815301076,1909f56bfc062723c751e8b465ee728b)  -> (artifact id: '4cc4534210e48e87b8205b1f3ae4eb17') in 0.020805 seconds 
  Import took 0.022984 seconds .

========================================================================
Received Import Request.
  Time since last request: 9.612750 seconds.
  path: Assets/Models/Lab/eye Default Material_Flattened_Normal Map.png
  artifactKey: Guid(5bb1b01f6fba8dc49af4a767a22a2ec9) Importer(815301076,1909f56bfc062723c751e8b465ee728b)
Start importing Assets/Models/Lab/eye Default Material_Flattened_Normal Map.png using Guid(5bb1b01f6fba8dc49af4a767a22a2ec9) Importer(815301076,1909f56bfc062723c751e8b465ee728b)  -> (artifact id: '1ebcf86c27df2cff298bd8ee03869977') in 0.013836 seconds 
  Import took 0.016687 seconds .

========================================================================
Received Import Request.
  Time since last request: 52.191444 seconds.
  path: Assets/Models/Lab/liver smooth decimated.jpg
  artifactKey: Guid(9aa6fd247c4c61342bc4b01d37e4b819) Importer(815301076,1909f56bfc062723c751e8b465ee728b)
Start importing Assets/Models/Lab/liver smooth decimated.jpg using Guid(9aa6fd247c4c61342bc4b01d37e4b819) Importer(815301076,1909f56bfc062723c751e8b465ee728b)  -> (artifact id: 'c39526317836aee99767d0736a782643') in 0.011877 seconds 
  Import took 0.014098 seconds .

========================================================================
Received Import Request.
  Time since last request: 2.994037 seconds.
  path: Assets/Models/Lab/liver smooth decimated.obj
  artifactKey: Guid(14b4a49502389824497b21c21da3f89e) Importer(815301076,1909f56bfc062723c751e8b465ee728b)
Start importing Assets/Models/Lab/liver smooth decimated.obj using Guid(14b4a49502389824497b21c21da3f89e) Importer(815301076,1909f56bfc062723c751e8b465ee728b)  -> (artifact id: '96961f0c69973f5f0ecc6aa8c22e5a78') in 0.067778 seconds 
  Import took 0.069941 seconds .

========================================================================
Received Import Request.
  Time since last request: 6.338799 seconds.
  path: Assets/Models/Lab/liver smooth decimated.obj
  artifactKey: Guid(14b4a49502389824497b21c21da3f89e) Importer(815301076,1909f56bfc062723c751e8b465ee728b)
Start importing Assets/Models/Lab/liver smooth decimated.obj using Guid(14b4a49502389824497b21c21da3f89e) Importer(815301076,1909f56bfc062723c751e8b465ee728b)  -> (artifact id: 'bd76fc2a5b13f2bb4d12ccfb9ce0bbe1') in 0.021577 seconds 
  Import took 0.023780 seconds .

========================================================================
Received Import Request.
  Time since last request: 5.682650 seconds.
  path: Assets/Models/Lab/liver smooth decimated.mtl
  artifactKey: Guid(f22eac1f466876344bb87a78164a98fc) Importer(815301076,1909f56bfc062723c751e8b465ee728b)
Start importing Assets/Models/Lab/liver smooth decimated.mtl using Guid(f22eac1f466876344bb87a78164a98fc) Importer(815301076,1909f56bfc062723c751e8b465ee728b)  -> (artifact id: '6ebe9862c20d390b2c63721e864cb51c') in 0.005230 seconds 
  Import took 0.007727 seconds .

========================================================================
Received Import Request.
  Time since last request: 20.413535 seconds.
  path: Assets/Models/Lab/defaultMat.mat
  artifactKey: Guid(88b5602c2f23fc74b917c8f4bdedb07f) Importer(815301076,1909f56bfc062723c751e8b465ee728b)
Start importing Assets/Models/Lab/defaultMat.mat using Guid(88b5602c2f23fc74b917c8f4bdedb07f) Importer(815301076,1909f56bfc062723c751e8b465ee728b)  -> (artifact id: '55a618f4a46fad750733ed9c64134d40') in 0.017618 seconds 
  Import took 0.020649 seconds .

========================================================================
Received Import Request.
  Time since last request: 0.000389 seconds.
  path: Assets/Models/Lab/liver smooth decimated2.jpg
  artifactKey: Guid(b1100e48e4e445d47984f772cfe6aa41) Importer(815301076,1909f56bfc062723c751e8b465ee728b)
Start importing Assets/Models/Lab/liver smooth decimated2.jpg using Guid(b1100e48e4e445d47984f772cfe6aa41) Importer(815301076,1909f56bfc062723c751e8b465ee728b)  -> (artifact id: 'ae0e7f4745a094b199492c9ced3d1b2c') in 0.012886 seconds 
  Import took 0.098422 seconds .

========================================================================
Received Import Request.
  Time since last request: 0.000376 seconds.
  path: Assets/Models/Lab/liver smooth decimated1.jpg
  artifactKey: Guid(1d91fa7d3eea8434095c2e619b4b8847) Importer(815301076,1909f56bfc062723c751e8b465ee728b)
Start importing Assets/Models/Lab/liver smooth decimated1.jpg using Guid(1d91fa7d3eea8434095c2e619b4b8847) Importer(815301076,1909f56bfc062723c751e8b465ee728b)  -> (artifact id: '1001120b8c07c36a4d57bcc44af43218') in 0.012614 seconds 
  Import took 0.014560 seconds .

========================================================================
Received Import Request.
  Time since last request: 0.000361 seconds.
  path: Assets/Models/Lab/liver smooth decimated3.jpg
  artifactKey: Guid(bb8a1e5715c984945914120cb14a1b3c) Importer(815301076,1909f56bfc062723c751e8b465ee728b)
Start importing Assets/Models/Lab/liver smooth decimated3.jpg using Guid(bb8a1e5715c984945914120cb14a1b3c) Importer(815301076,1909f56bfc062723c751e8b465ee728b)  -> (artifact id: '4cfe721617df4042dcc7a011f8bf262c') in 0.012581 seconds 
  Import took 0.014560 seconds .

========================================================================
Received Import Request.
  Time since last request: 140.927308 seconds.
  path: Assets/Models/Lab/SubTool-1-11414646.OBJ
  artifactKey: Guid(bf89396d7c5a4944795b2c567ceebdf9) Importer(815301076,1909f56bfc062723c751e8b465ee728b)
Start importing Assets/Models/Lab/SubTool-1-11414646.OBJ using Guid(bf89396d7c5a4944795b2c567ceebdf9) Importer(815301076,1909f56bfc062723c751e8b465ee728b)  -> (artifact id: '62d2fe0fd793ed0ec288f5b87ac3b2ac') in 0.290237 seconds 
  Import took 0.293195 seconds .

========================================================================
Received Import Request.
  Time since last request: 15.582040 seconds.
  path: Assets/Models/Lab/Group1Mat.mat
  artifactKey: Guid(52d264a6e6f075549a5f2a9041fdc9c0) Importer(815301076,1909f56bfc062723c751e8b465ee728b)
Start importing Assets/Models/Lab/Group1Mat.mat using Guid(52d264a6e6f075549a5f2a9041fdc9c0) Importer(815301076,1909f56bfc062723c751e8b465ee728b)  -> (artifact id: '66c3b53abff43610f4a215b440d39c9e') in 0.013699 seconds 
  Import took 0.016543 seconds .

========================================================================
Received Import Request.
  Time since last request: 0.000423 seconds.
  path: Assets/Models/Lab/Group14Mat.mat
  artifactKey: Guid(2a00cb4ec565a894882233b7f2e75f9d) Importer(815301076,1909f56bfc062723c751e8b465ee728b)
Start importing Assets/Models/Lab/Group14Mat.mat using Guid(2a00cb4ec565a894882233b7f2e75f9d) Importer(815301076,1909f56bfc062723c751e8b465ee728b)  -> (artifact id: 'f7ab785f97a06e8e023cf0cc3b21e6ff') in 0.011929 seconds 
  Import took 0.014766 seconds .

========================================================================
Received Import Request.
  Time since last request: 0.000372 seconds.
  path: Assets/Models/Lab/Group19Mat.mat
  artifactKey: Guid(5530f5a90170f2d488646c6414e405ab) Importer(815301076,1909f56bfc062723c751e8b465ee728b)
Start importing Assets/Models/Lab/Group19Mat.mat using Guid(5530f5a90170f2d488646c6414e405ab) Importer(815301076,1909f56bfc062723c751e8b465ee728b)  -> (artifact id: 'f9be1155bd6b9308362d48f53a736aaf') in 0.012282 seconds 
  Import took 0.015166 seconds .

========================================================================
Received Import Request.
  Time since last request: 0.000807 seconds.
  path: Assets/Models/Lab/Group13Mat.mat
  artifactKey: Guid(f1606eb1dace91e40b7e7b7db4524ddf) Importer(815301076,1909f56bfc062723c751e8b465ee728b)
Start importing Assets/Models/Lab/Group13Mat.mat using Guid(f1606eb1dace91e40b7e7b7db4524ddf) Importer(815301076,1909f56bfc062723c751e8b465ee728b)  -> (artifact id: 'e6619b5fa787449e8d26b318c42b26c5') in 0.010755 seconds 
  Import took 0.014539 seconds .

========================================================================
Received Import Request.
  Time since last request: 0.000397 seconds.
  path: Assets/Models/Lab/Group3Mat.mat
  artifactKey: Guid(783f4a92599fe0644887c197bcaabbb5) Importer(815301076,1909f56bfc062723c751e8b465ee728b)
Start importing Assets/Models/Lab/Group3Mat.mat using Guid(783f4a92599fe0644887c197bcaabbb5) Importer(815301076,1909f56bfc062723c751e8b465ee728b)  -> (artifact id: '37105c4ce99639219a5aef08582e3e0f') in 0.011181 seconds 
  Import took 0.014101 seconds .

========================================================================
Received Import Request.
  Time since last request: 0.000333 seconds.
  path: Assets/Models/Lab/Group18Mat.mat
  artifactKey: Guid(08d9655abb8bb814cb1f2a9514940ad4) Importer(815301076,1909f56bfc062723c751e8b465ee728b)
Start importing Assets/Models/Lab/Group18Mat.mat using Guid(08d9655abb8bb814cb1f2a9514940ad4) Importer(815301076,1909f56bfc062723c751e8b465ee728b)  -> (artifact id: 'c97b90a14dda5fc9ee6e3695147d6155') in 0.011874 seconds 
  Import took 0.014415 seconds .

========================================================================
Received Import Request.
  Time since last request: 0.000361 seconds.
  path: Assets/Models/Lab/Group20Mat.mat
  artifactKey: Guid(0bbf90404c0e0c74281c2e267484f19f) Importer(815301076,1909f56bfc062723c751e8b465ee728b)
Start importing Assets/Models/Lab/Group20Mat.mat using Guid(0bbf90404c0e0c74281c2e267484f19f) Importer(815301076,1909f56bfc062723c751e8b465ee728b)  -> (artifact id: '015a61eb495fb1dc0b00a911ce3e0a45') in 0.011567 seconds 
  Import took 0.013796 seconds .

========================================================================
Received Import Request.
  Time since last request: 0.000420 seconds.
  path: Assets/Models/Lab/Group12Mat.mat
  artifactKey: Guid(516ead5073547274098f18ffb8990151) Importer(815301076,1909f56bfc062723c751e8b465ee728b)
Start importing Assets/Models/Lab/Group12Mat.mat using Guid(516ead5073547274098f18ffb8990151) Importer(815301076,1909f56bfc062723c751e8b465ee728b)  -> (artifact id: '5ba37e95341a1df2c75f6fb373842fa9') in 0.013594 seconds 
  Import took 0.016352 seconds .

========================================================================
Received Import Request.
  Time since last request: 0.000936 seconds.
  path: Assets/Models/Lab/Group9Mat.mat
  artifactKey: Guid(74cc243e0284bf64aa11bc3a35adba74) Importer(815301076,1909f56bfc062723c751e8b465ee728b)
Start importing Assets/Models/Lab/Group9Mat.mat using Guid(74cc243e0284bf64aa11bc3a35adba74) Importer(815301076,1909f56bfc062723c751e8b465ee728b)  -> (artifact id: '624208dc0d90ba0047a0d9b40e990496') in 0.010716 seconds 
  Import took 0.013730 seconds .

========================================================================
Received Import Request.
  Time since last request: 0.000653 seconds.
  path: Assets/Models/Lab/SubTool-1-11414646.OBJ
  artifactKey: Guid(bf89396d7c5a4944795b2c567ceebdf9) Importer(815301076,1909f56bfc062723c751e8b465ee728b)
Start importing Assets/Models/Lab/SubTool-1-11414646.OBJ using Guid(bf89396d7c5a4944795b2c567ceebdf9) Importer(815301076,1909f56bfc062723c751e8b465ee728b)  -> (artifact id: 'e0028274d3db9eb6cf0a7f2eca6d4442') in 0.915673 seconds 
  Import took 0.918541 seconds .

========================================================================
Received Import Request.
  Time since last request: 0.000298 seconds.
  path: Assets/Models/Lab/Group5Mat.mat
  artifactKey: Guid(d57aecd3e3aadb74bb663e3c8470c91b) Importer(815301076,1909f56bfc062723c751e8b465ee728b)
Start importing Assets/Models/Lab/Group5Mat.mat using Guid(d57aecd3e3aadb74bb663e3c8470c91b) Importer(815301076,1909f56bfc062723c751e8b465ee728b)  -> (artifact id: 'd62bedbe34eceded82a4d73736660b88') in 0.012548 seconds 
  Import took 0.014678 seconds .

========================================================================
Received Import Request.
  Time since last request: 0.000377 seconds.
  path: Assets/Models/Lab/Group15Mat.mat
  artifactKey: Guid(1e283dca31d96ff49b6bb0345da9450f) Importer(815301076,1909f56bfc062723c751e8b465ee728b)
Start importing Assets/Models/Lab/Group15Mat.mat using Guid(1e283dca31d96ff49b6bb0345da9450f) Importer(815301076,1909f56bfc062723c751e8b465ee728b)  -> (artifact id: '7864e14536b1160c9dcf2d48ea87d348') in 0.047658 seconds 
  Import took 0.049726 seconds .

========================================================================
Received Import Request.
  Time since last request: 0.000375 seconds.
  path: Assets/Models/Lab/Group8Mat.mat
  artifactKey: Guid(a03ca8a0dc668a3498096b3606ded6c9) Importer(815301076,1909f56bfc062723c751e8b465ee728b)
Start importing Assets/Models/Lab/Group8Mat.mat using Guid(a03ca8a0dc668a3498096b3606ded6c9) Importer(815301076,1909f56bfc062723c751e8b465ee728b)  -> (artifact id: '327c3d96b8331f8de84a2b87e488f359') in 0.010370 seconds 
  Import took 0.013301 seconds .

========================================================================
Received Import Request.
  Time since last request: 0.000337 seconds.
  path: Assets/Models/Lab/Group21Mat.mat
  artifactKey: Guid(53b44058cb6ed3c48bb40586c3df3c1e) Importer(815301076,1909f56bfc062723c751e8b465ee728b)
Start importing Assets/Models/Lab/Group21Mat.mat using Guid(53b44058cb6ed3c48bb40586c3df3c1e) Importer(815301076,1909f56bfc062723c751e8b465ee728b)  -> (artifact id: '54d5e3c738f8e0c159e4103d2ca820df') in 0.012854 seconds 
  Import took 0.015420 seconds .

========================================================================
Received Import Request.
  Time since last request: 0.000284 seconds.
  path: Assets/Models/Lab/Group17Mat.mat
  artifactKey: Guid(7cb88cb5d459a92418116d7386549c7f) Importer(815301076,1909f56bfc062723c751e8b465ee728b)
Start importing Assets/Models/Lab/Group17Mat.mat using Guid(7cb88cb5d459a92418116d7386549c7f) Importer(815301076,1909f56bfc062723c751e8b465ee728b)  -> (artifact id: '8be43884517ad1d23eaf79753c6cba0c') in 0.011768 seconds 
  Import took 0.014775 seconds .

========================================================================
Received Import Request.
  Time since last request: 0.000373 seconds.
  path: Assets/Models/Lab/Group11Mat.mat
  artifactKey: Guid(f1a50185d19231149a74633a3343a08c) Importer(815301076,1909f56bfc062723c751e8b465ee728b)
Start importing Assets/Models/Lab/Group11Mat.mat using Guid(f1a50185d19231149a74633a3343a08c) Importer(815301076,1909f56bfc062723c751e8b465ee728b)  -> (artifact id: '51a1074bbe67f9f71d39264dba6decf9') in 0.010531 seconds 
  Import took 0.012780 seconds .

========================================================================
Received Import Request.
  Time since last request: 0.000369 seconds.
  path: Assets/Models/Lab/Group10Mat.mat
  artifactKey: Guid(cdce28ad4ce930849ab6bde163ce4a52) Importer(815301076,1909f56bfc062723c751e8b465ee728b)
Start importing Assets/Models/Lab/Group10Mat.mat using Guid(cdce28ad4ce930849ab6bde163ce4a52) Importer(815301076,1909f56bfc062723c751e8b465ee728b)  -> (artifact id: '407de52157393ed0ba769d3596cf79e2') in 0.017672 seconds 
  Import took 0.020007 seconds .

========================================================================
Received Import Request.
  Time since last request: 0.000359 seconds.
  path: Assets/Models/Lab/ZBrush_defualt_groupMat.mat
  artifactKey: Guid(c753d39f507f7c0498ab6376c0dcb31d) Importer(815301076,1909f56bfc062723c751e8b465ee728b)
Start importing Assets/Models/Lab/ZBrush_defualt_groupMat.mat using Guid(c753d39f507f7c0498ab6376c0dcb31d) Importer(815301076,1909f56bfc062723c751e8b465ee728b)  -> (artifact id: 'b3246d1b85e08ad9bf34bfbb47a0b079') in 0.034725 seconds 
  Import took 0.036861 seconds .

========================================================================
Received Import Request.
  Time since last request: 0.000298 seconds.
  path: Assets/Models/Lab/Group6Mat.mat
  artifactKey: Guid(65f8a138ea55d3240895497521a0cf95) Importer(815301076,1909f56bfc062723c751e8b465ee728b)
Start importing Assets/Models/Lab/Group6Mat.mat using Guid(65f8a138ea55d3240895497521a0cf95) Importer(815301076,1909f56bfc062723c751e8b465ee728b)  -> (artifact id: '4981fc076df98558e8d9684701992c53') in 0.009600 seconds 
  Import took 0.012045 seconds .

========================================================================
Received Import Request.
  Time since last request: 0.000397 seconds.
  path: Assets/Models/Lab/Group7Mat.mat
  artifactKey: Guid(26e1568865740c24cbe27d6d3519765f) Importer(815301076,1909f56bfc062723c751e8b465ee728b)
Start importing Assets/Models/Lab/Group7Mat.mat using Guid(26e1568865740c24cbe27d6d3519765f) Importer(815301076,1909f56bfc062723c751e8b465ee728b)  -> (artifact id: '1c2a425faa89d63a495a8ca74727e51d') in 0.021187 seconds 
  Import took 0.023425 seconds .

========================================================================
Received Import Request.
  Time since last request: 0.000346 seconds.
  path: Assets/Models/Lab/Group2Mat.mat
  artifactKey: Guid(e3e69f2f3ba117340bad17d20d25e523) Importer(815301076,1909f56bfc062723c751e8b465ee728b)
Start importing Assets/Models/Lab/Group2Mat.mat using Guid(e3e69f2f3ba117340bad17d20d25e523) Importer(815301076,1909f56bfc062723c751e8b465ee728b)  -> (artifact id: 'e2eb6a8e9169d3db5e4d3c5dbd040490') in 0.012428 seconds 
  Import took 0.019920 seconds .

========================================================================
Received Import Request.
  Time since last request: 0.000329 seconds.
  path: Assets/Models/Lab/Group16Mat.mat
  artifactKey: Guid(d315e2191172d044bbbfd9350cbac40e) Importer(815301076,1909f56bfc062723c751e8b465ee728b)
Start importing Assets/Models/Lab/Group16Mat.mat using Guid(d315e2191172d044bbbfd9350cbac40e) Importer(815301076,1909f56bfc062723c751e8b465ee728b)  -> (artifact id: '763ec618d3c1d985e0f1e522af4515f5') in 0.015014 seconds 
  Import took 0.017090 seconds .

========================================================================
Received Import Request.
  Time since last request: 0.000369 seconds.
  path: Assets/Models/Lab/Group4Mat.mat
  artifactKey: Guid(18d27f753c2101a47b0162edc4e51a31) Importer(815301076,1909f56bfc062723c751e8b465ee728b)
Start importing Assets/Models/Lab/Group4Mat.mat using Guid(18d27f753c2101a47b0162edc4e51a31) Importer(815301076,1909f56bfc062723c751e8b465ee728b)  -> (artifact id: 'a9b9e6029430179bdd9a18ec42c44209') in 0.010254 seconds 
  Import took 0.012261 seconds .

========================================================================
Received Import Request.
  Time since last request: 95.621885 seconds.
  path: Assets/Models/Lab/tray.fbx
  artifactKey: Guid(8b347e79b66b96241a085109d4c2abd4) Importer(815301076,1909f56bfc062723c751e8b465ee728b)
Start importing Assets/Models/Lab/tray.fbx using Guid(8b347e79b66b96241a085109d4c2abd4) Importer(815301076,1909f56bfc062723c751e8b465ee728b)  -> (artifact id: 'd4b879a6403a6bd43f1622e9be99429e') in 0.018816 seconds 
  Import took 0.021482 seconds .

========================================================================
Received Import Request.
  Time since last request: 0.000349 seconds.
  path: Assets/Models/Lab/tray_Material.001_BaseColor.png
  artifactKey: Guid(2b0fcfe86ec0e804dbcca7618a1f97b1) Importer(815301076,1909f56bfc062723c751e8b465ee728b)
Start importing Assets/Models/Lab/tray_Material.001_BaseColor.png using Guid(2b0fcfe86ec0e804dbcca7618a1f97b1) Importer(815301076,1909f56bfc062723c751e8b465ee728b)  -> (artifact id: 'e22f72c078dc020353685b08a32e0eef') in 0.011668 seconds 
  Import took 0.013646 seconds .

========================================================================
Received Import Request.
  Time since last request: 0.000431 seconds.
  path: Assets/Models/Lab/tray_Material.001_Metallic.png
  artifactKey: Guid(2b66fd20288c41d40aa4319e5ee0abfa) Importer(815301076,1909f56bfc062723c751e8b465ee728b)
Start importing Assets/Models/Lab/tray_Material.001_Metallic.png using Guid(2b66fd20288c41d40aa4319e5ee0abfa) Importer(815301076,1909f56bfc062723c751e8b465ee728b)  -> (artifact id: '1244c22a3407d4f172adc4388f4945be') in 0.010697 seconds 
  Import took 0.012844 seconds .

========================================================================
Received Import Request.
  Time since last request: 0.000317 seconds.
  path: Assets/Models/Lab/tray_Material.001_Roughness.png
  artifactKey: Guid(fe7c1697c93e4fa46b08ea943524fff8) Importer(815301076,1909f56bfc062723c751e8b465ee728b)
Start importing Assets/Models/Lab/tray_Material.001_Roughness.png using Guid(fe7c1697c93e4fa46b08ea943524fff8) Importer(815301076,1909f56bfc062723c751e8b465ee728b)  -> (artifact id: '5bb01fdcfa376670de16540b889372e8') in 0.012938 seconds 
  Import took 0.015496 seconds .

========================================================================
Received Import Request.
  Time since last request: 0.000325 seconds.
  path: Assets/Models/Lab/tray_Material.001_Normal.png
  artifactKey: Guid(a6b7e979f755520468d5b58c2bf11e1a) Importer(815301076,1909f56bfc062723c751e8b465ee728b)
Start importing Assets/Models/Lab/tray_Material.001_Normal.png using Guid(a6b7e979f755520468d5b58c2bf11e1a) Importer(815301076,1909f56bfc062723c751e8b465ee728b)  -> (artifact id: '399749d6a01c0047c220163aa63bca67') in 0.013191 seconds 
  Import took 0.373607 seconds .

========================================================================
Received Import Request.
  Time since last request: 0.000361 seconds.
  path: Assets/Models/Lab/tray_Material.001_Height.png
  artifactKey: Guid(07a157067c9969f4589d2c120d70faea) Importer(815301076,1909f56bfc062723c751e8b465ee728b)
Start importing Assets/Models/Lab/tray_Material.001_Height.png using Guid(07a157067c9969f4589d2c120d70faea) Importer(815301076,1909f56bfc062723c751e8b465ee728b)  -> (artifact id: 'b7ef0a8eba38a001aaaa2841c2dc89d3') in 0.010351 seconds 
  Import took 0.012422 seconds .

========================================================================
Received Import Request.
  Time since last request: 50.410491 seconds.
  path: Assets/Models/Lab/New Material.mat
  artifactKey: Guid(32d7eaa08fef66946bf976700d086bee) Importer(815301076,1909f56bfc062723c751e8b465ee728b)
Start importing Assets/Models/Lab/New Material.mat using Guid(32d7eaa08fef66946bf976700d086bee) Importer(815301076,1909f56bfc062723c751e8b465ee728b)  -> (artifact id: 'b8d598729522e2050cba6347a661c921') in 0.352447 seconds 
  Import took 0.355153 seconds .

========================================================================
Received Import Request.
  Time since last request: 818.555041 seconds.
  path: Assets/Models/Lab/Surgeon_lair_complete.fbx
  artifactKey: Guid(802b280b9afd3f84a883d001e9771a2b) Importer(815301076,1909f56bfc062723c751e8b465ee728b)
Start importing Assets/Models/Lab/Surgeon_lair_complete.fbx using Guid(802b280b9afd3f84a883d001e9771a2b) Importer(815301076,1909f56bfc062723c751e8b465ee728b)  -> (artifact id: '52ba82e565984b18b9e27f92f4d6aaf7') in 0.159985 seconds 
  Import took 0.163146 seconds .

========================================================================
Received Prepare
Registering precompiled user dll's ...
Registered in 0.002525 seconds.
Begin MonoManager ReloadAssembly
Native extension for WindowsStandalone target not found
Native extension for WebGL target not found
Refreshing native plugins compatible for Editor in 0.29 ms, found 2 plugins.
Preloading 0 native plugins for Editor in 0.00 ms.
Mono: successfully reloaded assembly
- Completed reload, in  0.976 seconds
Domain Reload Profiling:
	ReloadAssembly (976ms)
		BeginReloadAssembly (105ms)
			ExecutionOrderSort (0ms)
			DisableScriptedObjects (4ms)
			BackupInstance (0ms)
			ReleaseScriptingObjects (0ms)
			CreateAndSetChildDomain (29ms)
		EndReloadAssembly (823ms)
			LoadAssemblies (78ms)
			RebuildTransferFunctionScriptingTraits (0ms)
			SetupTypeCache (256ms)
			ReleaseScriptCaches (1ms)
			RebuildScriptCaches (35ms)
			SetupLoadedEditorAssemblies (368ms)
				LogAssemblyErrors (0ms)
				InitializePlatformSupportModulesInManaged (5ms)
				SetLoadedEditorAssemblies (0ms)
				RefreshPlugins (0ms)
				BeforeProcessingInitializeOnLoad (67ms)
				ProcessInitializeOnLoadAttributes (290ms)
				ProcessInitializeOnLoadMethodAttributes (3ms)
				AfterProcessingInitializeOnLoad (2ms)
				EditorAssembliesLoaded (0ms)
			ExecutionOrderSort2 (0ms)
			AwakeInstancesAfterBackupRestoration (7ms)
Platform modules already initialized, skipping
Refreshing native plugins compatible for Editor in 0.30 ms, found 2 plugins.
Preloading 0 native plugins for Editor in 0.00 ms.
Unloading 1393 Unused Serialized files (Serialized files now loaded: 0)
System memory in use before: 71.0 MB.
System memory in use after: 71.1 MB.

Unloading 12 unused Assets to reduce memory usage. Loaded Objects now: 1888.
Total: 2.551500 ms (FindLiveObjects: 0.128900 ms CreateObjectMapping: 0.039400 ms MarkObjects: 2.361900 ms  DeleteObjects: 0.020200 ms)

AssetImportParameters requested are different than current active one (requested -> active):
  custom:framework-win-MediaFoundation: 216162199b28c13a410421893ffa2e32 -> 
  custom:video-decoder-ogg-theora: a1e56fd34408186e4bbccfd4996cb3dc -> 
  custom:container-muxer-webm: aa71ff27fc2769a1b78a27578f13a17b -> 
  custom:container-demuxer-webm: 4f35f7cbe854078d1ac9338744f61a02 -> 
  custom:container-demuxer-ogg: 62fdf1f143b41e24485cea50d1cbac27 -> 
  custom:video-encoder-webm-vp8: eb34c28f22e8b96e1ab97ce403110664 -> 
  custom:video-decoder-webm-vp8: 9c59270c3fd7afecdb556c50c9e8de78 -> 
  custom:audio-decoder-ogg-vorbis: bf7c407c2cedff20999df2af8eb42d56 -> 
  custom:audio-encoder-webm-vorbis: bf7c407c2cedff20999df2af8eb42d56 -> 
========================================================================
Received Import Request.
  Time since last request: 116.475271 seconds.
  path: Assets/Models/Lab/Ch16_1001_Diffuse.png
  artifactKey: Guid(e507ab827395b2348b8b3f673161b1df) Importer(815301076,1909f56bfc062723c751e8b465ee728b)
Start importing Assets/Models/Lab/Ch16_1001_Diffuse.png using Guid(e507ab827395b2348b8b3f673161b1df) Importer(815301076,1909f56bfc062723c751e8b465ee728b)  -> (artifact id: 'f4da64d72f2afdb527f55560f2289b98') in 0.041304 seconds 
  Import took 0.043706 seconds .

========================================================================
Received Import Request.
  Time since last request: 113.204205 seconds.
  path: Assets/Models/Lab/Ch16_1002_Specular.png
  artifactKey: Guid(5b876229e83b75a499a86068771aaf74) Importer(815301076,1909f56bfc062723c751e8b465ee728b)
Start importing Assets/Models/Lab/Ch16_1002_Specular.png using Guid(5b876229e83b75a499a86068771aaf74) Importer(815301076,1909f56bfc062723c751e8b465ee728b)  -> (artifact id: 'fb0d7021e978fee101e6ac87166c2ad8') in 0.014724 seconds 
  Import took 0.017484 seconds .

========================================================================
Received Import Request.
  Time since last request: 19.621842 seconds.
  path: Assets/Models/Lab/Looking around
  artifactKey: Guid(c4d4990a37cf824418015826f8f0071c) Importer(815301076,1909f56bfc062723c751e8b465ee728b)
Start importing Assets/Models/Lab/Looking around using Guid(c4d4990a37cf824418015826f8f0071c) Importer(815301076,1909f56bfc062723c751e8b465ee728b)  -> (artifact id: '46df7c3331a9a86e5aa7de09e6baecde') in 0.005298 seconds 
  Import took 0.007576 seconds .

========================================================================
Received Import Request.
  Time since last request: 102.975135 seconds.
  path: Assets/Models/Lab/MedicalCart_low_lambert1_Metallic.tga.png
  artifactKey: Guid(bcafef377ff9534479e5fa5e6a47e8a2) Importer(815301076,1909f56bfc062723c751e8b465ee728b)
Start importing Assets/Models/Lab/MedicalCart_low_lambert1_Metallic.tga.png using Guid(bcafef377ff9534479e5fa5e6a47e8a2) Importer(815301076,1909f56bfc062723c751e8b465ee728b)  -> (artifact id: '12970d569fad6e6dd53aeebd46d3a573') in 0.014359 seconds 
  Import took 0.017528 seconds .

========================================================================
Received Import Request.
  Time since last request: 153.640694 seconds.
  path: Assets/Models/Lab/Fire_Extinguisher
  artifactKey: Guid(9fceddea9f176f746b5ac819515ed986) Importer(815301076,1909f56bfc062723c751e8b465ee728b)
Start importing Assets/Models/Lab/Fire_Extinguisher using Guid(9fceddea9f176f746b5ac819515ed986) Importer(815301076,1909f56bfc062723c751e8b465ee728b)  -> (artifact id: '9848aa890ed679e7c3f7bbb50a929e58') in 0.007378 seconds 
  Import took 0.009723 seconds .

========================================================================
Received Import Request.
  Time since last request: 489.014803 seconds.
  path: Assets/Models/Lab/MedicalCart_low_lambert1_Roughness.tga.png
  artifactKey: Guid(9298e8c50e2b9894bb60c2d3f8baa3b5) Importer(815301076,1909f56bfc062723c751e8b465ee728b)
Start importing Assets/Models/Lab/MedicalCart_low_lambert1_Roughness.tga.png using Guid(9298e8c50e2b9894bb60c2d3f8baa3b5) Importer(815301076,1909f56bfc062723c751e8b465ee728b)  -> (artifact id: '1edb5a7f9885c3d33280e22617a33665') in 0.017621 seconds 
  Import took 0.020414 seconds .

========================================================================
Received Import Request.
  Time since last request: 49.459801 seconds.
  path: Assets/Models/Lab/model/Looking.fbx
  artifactKey: Guid(3aadadec00a985844b13417b5b5bd7b2) Importer(815301076,1909f56bfc062723c751e8b465ee728b)
Start importing Assets/Models/Lab/model/Looking.fbx using Guid(3aadadec00a985844b13417b5b5bd7b2) Importer(815301076,1909f56bfc062723c751e8b465ee728b)  -> (artifact id: 'b8ca90c1b5217c35ff88b26575db407d') in 0.175000 seconds 
  Import took 0.177559 seconds .

========================================================================
Received Import Request.
  Time since last request: 10.044077 seconds.
  path: Assets/Models/Lab/model/Looking.fbx
  artifactKey: Guid(3aadadec00a985844b13417b5b5bd7b2) Importer(815301076,1909f56bfc062723c751e8b465ee728b)
Start importing Assets/Models/Lab/model/Looking.fbx using Guid(3aadadec00a985844b13417b5b5bd7b2) Importer(815301076,1909f56bfc062723c751e8b465ee728b)  -> (artifact id: 'ec8c2feca1ea86f5f9b157a68acdb5fd') in 0.089898 seconds 
  Import took 0.092573 seconds .

========================================================================
Received Import Request.
  Time since last request: 20.645795 seconds.
  path: Assets/Models/Lab/model/Looking.fbx
  artifactKey: Guid(3aadadec00a985844b13417b5b5bd7b2) Importer(815301076,1909f56bfc062723c751e8b465ee728b)
Start importing Assets/Models/Lab/model/Looking.fbx using Guid(3aadadec00a985844b13417b5b5bd7b2) Importer(815301076,1909f56bfc062723c751e8b465ee728b)  -> (artifact id: 'e57b93175179903ebaf7e68100f254fb') in 0.068997 seconds 
  Import took 0.071570 seconds .

========================================================================
Received Import Request.
  Time since last request: 16.673736 seconds.
  path: Assets/Models/Lab/model/Looking.fbx
  artifactKey: Guid(3aadadec00a985844b13417b5b5bd7b2) Importer(815301076,1909f56bfc062723c751e8b465ee728b)
Start importing Assets/Models/Lab/model/Looking.fbx using Guid(3aadadec00a985844b13417b5b5bd7b2) Importer(815301076,1909f56bfc062723c751e8b465ee728b)  -> (artifact id: '21cedd062c30ea72df240cff788fa5b6') in 0.067417 seconds 
  Import took 0.070070 seconds .

========================================================================
Received Import Request.
  Time since last request: 402.495895 seconds.
  path: Assets/Models/Lab/microscope.blend
  artifactKey: Guid(78fdd04ecf548b246916e1f976080529) Importer(815301076,1909f56bfc062723c751e8b465ee728b)
Start importing Assets/Models/Lab/microscope.blend using Guid(78fdd04ecf548b246916e1f976080529) Importer(815301076,1909f56bfc062723c751e8b465ee728b)  -> (artifact id: '5475d29e8f656cf555e07bd17a559cd8') in 0.587188 seconds 
  Import took 0.590598 seconds .

========================================================================
Received Import Request.
  Time since last request: 68.829440 seconds.
  path: Assets/Models/Lab/file.obj
  artifactKey: Guid(25f4374650d65e241aa6fecf5b8a34b3) Importer(815301076,1909f56bfc062723c751e8b465ee728b)
Start importing Assets/Models/Lab/file.obj using Guid(25f4374650d65e241aa6fecf5b8a34b3) Importer(815301076,1909f56bfc062723c751e8b465ee728b)  -> (artifact id: 'c1a7f87f1220af18aac588e3d7c3e11d') in 0.032665 seconds 
  Import took 0.036514 seconds .

========================================================================
Received Import Request.
  Time since last request: 8.423699 seconds.
  path: Assets/Models/Lab/file.obj
  artifactKey: Guid(25f4374650d65e241aa6fecf5b8a34b3) Importer(815301076,1909f56bfc062723c751e8b465ee728b)
Start importing Assets/Models/Lab/file.obj using Guid(25f4374650d65e241aa6fecf5b8a34b3) Importer(815301076,1909f56bfc062723c751e8b465ee728b)  -> (artifact id: '9e79d92edc4f0921425f176b00944706') in 0.023801 seconds 
  Import took 0.026394 seconds .

========================================================================
Received Import Request.
  Time since last request: 271.576436 seconds.
  path: Assets/Models/Lab/fileImageColorPerFace.png
  artifactKey: Guid(9eee29172fc14594b98fbd829ea1ce7f) Importer(815301076,1909f56bfc062723c751e8b465ee728b)
Start importing Assets/Models/Lab/fileImageColorPerFace.png using Guid(9eee29172fc14594b98fbd829ea1ce7f) Importer(815301076,1909f56bfc062723c751e8b465ee728b)  -> (artifact id: '53ae4d6ef75c7316382d2e5968c6e2d5') in 0.010686 seconds 
  Import took 0.012866 seconds .

========================================================================
Received Import Request.
  Time since last request: 6.644402 seconds.
  path: Assets/Models/Lab/fileImage1.png
  artifactKey: Guid(a359dfd2d0384ea45aabf3f48ee24365) Importer(815301076,1909f56bfc062723c751e8b465ee728b)
Start importing Assets/Models/Lab/fileImage1.png using Guid(a359dfd2d0384ea45aabf3f48ee24365) Importer(815301076,1909f56bfc062723c751e8b465ee728b)  -> (artifact id: '39be6c73bf1e3a2e8cefbba68ac6cb0a') in 0.018521 seconds 
  Import took 0.020634 seconds .

========================================================================
Received Import Request.
  Time since last request: 72.914875 seconds.
  path: Assets/Models/Lab/Medical Supplies.fbx
  artifactKey: Guid(4ee7d788eb55dd447afd447d19beefdf) Importer(815301076,1909f56bfc062723c751e8b465ee728b)
Start importing Assets/Models/Lab/Medical Supplies.fbx using Guid(4ee7d788eb55dd447afd447d19beefdf) Importer(815301076,1909f56bfc062723c751e8b465ee728b)  -> (artifact id: 'c33a7170a4409b8282a6e32bcad747cf') in 0.834707 seconds 
  Import took 0.838328 seconds .

========================================================================
Received Import Request.
  Time since last request: 11.114394 seconds.
  path: Assets/Models/Lab/Medical Supplies.fbx
  artifactKey: Guid(4ee7d788eb55dd447afd447d19beefdf) Importer(815301076,1909f56bfc062723c751e8b465ee728b)
Start importing Assets/Models/Lab/Medical Supplies.fbx using Guid(4ee7d788eb55dd447afd447d19beefdf) Importer(815301076,1909f56bfc062723c751e8b465ee728b)  -> (artifact id: '4cecac7a47305911c353252858e6ebbe') in 1.486973 seconds 
  Import took 1.491850 seconds .

========================================================================
Received Import Request.
  Time since last request: 214.427953 seconds.
  path: Assets/Models/Lab/sanitizerbottlev2.fbx
  artifactKey: Guid(4bccca80488934b4490b0b2d83dd4863) Importer(815301076,1909f56bfc062723c751e8b465ee728b)
Start importing Assets/Models/Lab/sanitizerbottlev2.fbx using Guid(4bccca80488934b4490b0b2d83dd4863) Importer(815301076,1909f56bfc062723c751e8b465ee728b)  -> (artifact id: '10397c625319026f7053e89cd89bafa5') in 0.035584 seconds 
  Import took 0.038122 seconds .

========================================================================
Received Import Request.
  Time since last request: 7.383363 seconds.
  path: Assets/Models/Lab/sanitizerbottlev2.fbx
  artifactKey: Guid(4bccca80488934b4490b0b2d83dd4863) Importer(815301076,1909f56bfc062723c751e8b465ee728b)
Start importing Assets/Models/Lab/sanitizerbottlev2.fbx using Guid(4bccca80488934b4490b0b2d83dd4863) Importer(815301076,1909f56bfc062723c751e8b465ee728b)  -> (artifact id: '30b37bd80887c92c918189ea1d364bb6') in 0.042821 seconds 
  Import took 0.045361 seconds .

========================================================================
Received Import Request.
  Time since last request: 5.448077 seconds.
  path: Assets/Models/Lab/sanitizerbottlev2.fbx
  artifactKey: Guid(4bccca80488934b4490b0b2d83dd4863) Importer(815301076,1909f56bfc062723c751e8b465ee728b)
Start importing Assets/Models/Lab/sanitizerbottlev2.fbx using Guid(4bccca80488934b4490b0b2d83dd4863) Importer(815301076,1909f56bfc062723c751e8b465ee728b)  -> (artifact id: 'a039e3638c6c573f238d9d29706b3943') in 0.027676 seconds 
  Import took 0.030012 seconds .

========================================================================
Received Import Request.
  Time since last request: 75.073864 seconds.
  path: Assets/Models/Lab/sanitizerbottlev2_bottlelabel_out_uv.png
  artifactKey: Guid(a31cd2ee074d02544bdc1b36d7e6f2ed) Importer(815301076,1909f56bfc062723c751e8b465ee728b)
Start importing Assets/Models/Lab/sanitizerbottlev2_bottlelabel_out_uv.png using Guid(a31cd2ee074d02544bdc1b36d7e6f2ed) Importer(815301076,1909f56bfc062723c751e8b465ee728b)  -> (artifact id: '548da32337bbe11bd18183385b46a2e6') in 0.102655 seconds 
  Import took 0.104843 seconds .

========================================================================
Received Import Request.
  Time since last request: 274.753472 seconds.
  path: Assets/Models/Lab/Channel_Default Material_Diffuse.png
  artifactKey: Guid(ffd09c4c71cfb774ea95becf93294115) Importer(815301076,1909f56bfc062723c751e8b465ee728b)
Start importing Assets/Models/Lab/Channel_Default Material_Diffuse.png using Guid(ffd09c4c71cfb774ea95becf93294115) Importer(815301076,1909f56bfc062723c751e8b465ee728b)  -> (artifact id: '96b9f6cd8f91b980fc821bfc1d938f8d') in 0.016390 seconds 
  Import took 0.019238 seconds .

========================================================================
Received Import Request.
  Time since last request: 3.284812 seconds.
  path: Assets/Models/Lab/Channel_Default Material_Diffuse 1.png
  artifactKey: Guid(ed183ccc73edaf34c85e0f4fbea32de9) Importer(815301076,1909f56bfc062723c751e8b465ee728b)
Start importing Assets/Models/Lab/Channel_Default Material_Diffuse 1.png using Guid(ed183ccc73edaf34c85e0f4fbea32de9) Importer(815301076,1909f56bfc062723c751e8b465ee728b)  -> (artifact id: '6556fc5985e7511aae6d2943b3fecf4e') in 0.012192 seconds 
  Import took 0.014793 seconds .

========================================================================
Received Import Request.
  Time since last request: 5.742989 seconds.
  path: Assets/Models/Lab/Channel_Default Material_Normal Map.tif
  artifactKey: Guid(01d409884db2d8a44a992043655aea9d) Importer(815301076,1909f56bfc062723c751e8b465ee728b)
Start importing Assets/Models/Lab/Channel_Default Material_Normal Map.tif using Guid(01d409884db2d8a44a992043655aea9d) Importer(815301076,1909f56bfc062723c751e8b465ee728b)  -> (artifact id: '0938be7cfca6e8dbb6cf1f8432a3c1fc') in 0.016319 seconds 
  Import took 0.018918 seconds .

========================================================================
Received Import Request.
  Time since last request: 39.859324 seconds.
  path: Assets/Models/Lab/Intestines
  artifactKey: Guid(65c9b7bd97a6ece4cad91420dc7872a7) Importer(815301076,1909f56bfc062723c751e8b465ee728b)
Start importing Assets/Models/Lab/Intestines using Guid(65c9b7bd97a6ece4cad91420dc7872a7) Importer(815301076,1909f56bfc062723c751e8b465ee728b)  -> (artifact id: '48a3935cc3201d027e0b5a5b944075c9') in 0.005844 seconds 
  Import took 0.008233 seconds .

========================================================================
Received Import Request.
  Time since last request: 3.849330 seconds.
  path: Assets/Models/Lab/Channel_Default Material_Diffuse.tif
  artifactKey: Guid(71821f79f983e63408f8643297c726cf) Importer(815301076,1909f56bfc062723c751e8b465ee728b)
Start importing Assets/Models/Lab/Channel_Default Material_Diffuse.tif using Guid(71821f79f983e63408f8643297c726cf) Importer(815301076,1909f56bfc062723c751e8b465ee728b)  -> (artifact id: '02d6319892bdb88f3073edff938c1d52') in 0.011308 seconds 
  Import took 0.013638 seconds .

========================================================================
Received Import Request.
  Time since last request: 35.414950 seconds.
  path: Assets/Models/Lab/lambert1_normal.png
  artifactKey: Guid(62cf7d4f0531fc942a08435b42f88186) Importer(815301076,1909f56bfc062723c751e8b465ee728b)
Start importing Assets/Models/Lab/lambert1_normal.png using Guid(62cf7d4f0531fc942a08435b42f88186) Importer(815301076,1909f56bfc062723c751e8b465ee728b)  -> (artifact id: 'b46754b4fb5e49e37e398b173b16d99f') in 0.011935 seconds 
  Import took 0.015357 seconds .

========================================================================
Received Import Request.
  Time since last request: 2.478280 seconds.
  path: Assets/Models/Lab/Stethoscope.fbx
  artifactKey: Guid(02ec9073f5e163a48bfbb45c0ca490d2) Importer(815301076,1909f56bfc062723c751e8b465ee728b)
Start importing Assets/Models/Lab/Stethoscope.fbx using Guid(02ec9073f5e163a48bfbb45c0ca490d2) Importer(815301076,1909f56bfc062723c751e8b465ee728b)  -> (artifact id: '855e4bcbe9ae37a76fc68bf2fa3c8ebf') in 0.031337 seconds 
  Import took 0.034029 seconds .

========================================================================
Received Import Request.
  Time since last request: 10.280131 seconds.
  path: Assets/Models/Lab/Stethoscope.fbx
  artifactKey: Guid(02ec9073f5e163a48bfbb45c0ca490d2) Importer(815301076,1909f56bfc062723c751e8b465ee728b)
Start importing Assets/Models/Lab/Stethoscope.fbx using Guid(02ec9073f5e163a48bfbb45c0ca490d2) Importer(815301076,1909f56bfc062723c751e8b465ee728b)  -> (artifact id: '573f418a1afab7502f9bc7b40089423d') in 0.027558 seconds 
  Import took 0.030558 seconds .

========================================================================
Received Import Request.
  Time since last request: 279.269954 seconds.
  path: Assets/Models/Lab/lambert1_normal.png
  artifactKey: Guid(62cf7d4f0531fc942a08435b42f88186) Importer(815301076,1909f56bfc062723c751e8b465ee728b)
Start importing Assets/Models/Lab/lambert1_normal.png using Guid(62cf7d4f0531fc942a08435b42f88186) Importer(815301076,1909f56bfc062723c751e8b465ee728b)  -> (artifact id: 'cd4012f06c55b9a9d890247a75e0b569') in 0.012165 seconds 
  Import took 0.015498 seconds .

========================================================================
Received Import Request.
  Time since last request: 6.580158 seconds.
  path: Assets/Models/Lab/Looking.fbx
  artifactKey: Guid(b6d00ddb6e4fd754db7aabc5b23feef6) Importer(815301076,1909f56bfc062723c751e8b465ee728b)
Start importing Assets/Models/Lab/Looking.fbx using Guid(b6d00ddb6e4fd754db7aabc5b23feef6) Importer(815301076,1909f56bfc062723c751e8b465ee728b)  -> (artifact id: '1917aefcb8bf2be553a09d8095bbcaf9') in 0.078732 seconds 
  Import took 0.082683 seconds .

========================================================================
Received Import Request.
  Time since last request: 21.097619 seconds.
  path: Assets/Models/Lab/Sthethoscope
  artifactKey: Guid(892d7eb8577fdb74cb46db10eddf0d6a) Importer(815301076,1909f56bfc062723c751e8b465ee728b)
Start importing Assets/Models/Lab/Sthethoscope using Guid(892d7eb8577fdb74cb46db10eddf0d6a) Importer(815301076,1909f56bfc062723c751e8b465ee728b)  -> (artifact id: 'aaa9512fbf0b41e357633bd693e97e60') in 0.005384 seconds 
  Import took 0.008309 seconds .

========================================================================
Received Import Request.
  Time since last request: 0.755986 seconds.
  path: Assets/Models/Lab/lambert1_albedo.jpg
  artifactKey: Guid(7abc7731d1c410c44a996b5f6f725000) Importer(815301076,1909f56bfc062723c751e8b465ee728b)
Start importing Assets/Models/Lab/lambert1_albedo.jpg using Guid(7abc7731d1c410c44a996b5f6f725000) Importer(815301076,1909f56bfc062723c751e8b465ee728b)  -> (artifact id: '6027834c4346b1da50a999b22c008f7e') in 0.010707 seconds 
  Import took 0.012902 seconds .

========================================================================
Received Import Request.
  Time since last request: 3.272730 seconds.
  path: Assets/Models/Lab/lambert1_metallic.jpg
  artifactKey: Guid(7977faad08c3dff48a84720e262c77a3) Importer(815301076,1909f56bfc062723c751e8b465ee728b)
Start importing Assets/Models/Lab/lambert1_metallic.jpg using Guid(7977faad08c3dff48a84720e262c77a3) Importer(815301076,1909f56bfc062723c751e8b465ee728b)  -> (artifact id: '6f350b204aa7a1b9fa0c2da5d549db9f') in 0.010618 seconds 
  Import took 0.012828 seconds .

========================================================================
Received Import Request.
  Time since last request: 77.823606 seconds.
  path: Assets/Models/Lab/Looking.fbx
  artifactKey: Guid(b6d00ddb6e4fd754db7aabc5b23feef6) Importer(815301076,1909f56bfc062723c751e8b465ee728b)
Start importing Assets/Models/Lab/Looking.fbx using Guid(b6d00ddb6e4fd754db7aabc5b23feef6) Importer(815301076,1909f56bfc062723c751e8b465ee728b)  -> (artifact id: '1f851d2156b53d319d8069f5482979e3') in 0.097012 seconds 
  Import took 0.100212 seconds .

========================================================================
Received Import Request.
  Time since last request: 11.840508 seconds.
  path: Assets/Models/Lab/Looking.fbx
  artifactKey: Guid(b6d00ddb6e4fd754db7aabc5b23feef6) Importer(815301076,1909f56bfc062723c751e8b465ee728b)
Start importing Assets/Models/Lab/Looking.fbx using Guid(b6d00ddb6e4fd754db7aabc5b23feef6) Importer(815301076,1909f56bfc062723c751e8b465ee728b)  -> (artifact id: 'b27e7e049541eb47b3813e6958639082') in 0.101467 seconds 
  Import took 0.106846 seconds .

========================================================================
Received Import Request.
  Time since last request: 11.315226 seconds.
  path: Assets/Models/Lab/Ch16_1002_Diffuse.png
  artifactKey: Guid(de4928e50356a44418719a9867e7f47c) Importer(815301076,1909f56bfc062723c751e8b465ee728b)
Start importing Assets/Models/Lab/Ch16_1002_Diffuse.png using Guid(de4928e50356a44418719a9867e7f47c) Importer(815301076,1909f56bfc062723c751e8b465ee728b)  -> (artifact id: 'fd888dcbbdb63dd6b545b4b281e32dde') in 0.010741 seconds 
  Import took 0.012939 seconds .

========================================================================
Received Import Request.
  Time since last request: 0.689403 seconds.
  path: Assets/Models/Lab/Ch16_1002_Glossiness.png
  artifactKey: Guid(6b59a2bff5138cc48935c30b08a2f2f7) Importer(815301076,1909f56bfc062723c751e8b465ee728b)
Start importing Assets/Models/Lab/Ch16_1002_Glossiness.png using Guid(6b59a2bff5138cc48935c30b08a2f2f7) Importer(815301076,1909f56bfc062723c751e8b465ee728b)  -> (artifact id: '60cbe10801515847d2f3e42a5ee086a3') in 0.011041 seconds 
  Import took 0.013213 seconds .

========================================================================
Received Import Request.
  Time since last request: 23.852927 seconds.
  path: Assets/Models/Lab/LookingAround
  artifactKey: Guid(d737338d276649d49b757f6c269adc49) Importer(815301076,1909f56bfc062723c751e8b465ee728b)
Start importing Assets/Models/Lab/LookingAround using Guid(d737338d276649d49b757f6c269adc49) Importer(815301076,1909f56bfc062723c751e8b465ee728b)  -> (artifact id: 'a3f23bd9eb9a64cb66feb9cfe5f19cea') in 0.005557 seconds 
  Import took 0.007743 seconds .

========================================================================
Received Import Request.
  Time since last request: 1.753755 seconds.
  path: Assets/Models/Lab/Ch16_1001_Diffuse.png
  artifactKey: Guid(369eb693e2442f141ab6c989d1dcb65a) Importer(815301076,1909f56bfc062723c751e8b465ee728b)
Start importing Assets/Models/Lab/Ch16_1001_Diffuse.png using Guid(369eb693e2442f141ab6c989d1dcb65a) Importer(815301076,1909f56bfc062723c751e8b465ee728b)  -> (artifact id: 'd03e99a382027feefe48f1abb04ce515') in 0.016294 seconds 
  Import took 0.018879 seconds .

========================================================================
Received Import Request.
  Time since last request: 1.340731 seconds.
  path: Assets/Models/Lab/Ch16_1001_Glossiness.png
  artifactKey: Guid(a353829a13771ab4a8840d35cfc271ed) Importer(815301076,1909f56bfc062723c751e8b465ee728b)
Start importing Assets/Models/Lab/Ch16_1001_Glossiness.png using Guid(a353829a13771ab4a8840d35cfc271ed) Importer(815301076,1909f56bfc062723c751e8b465ee728b)  -> (artifact id: 'a848f35aa7f6fe149867ef83eb7204e4') in 0.010527 seconds 
  Import took 0.012697 seconds .

========================================================================
Received Import Request.
  Time since last request: 0.823139 seconds.
  path: Assets/Models/Lab/Ch16_1002_Normal.png
  artifactKey: Guid(7d8c51e5e33aef341b0fb23e3eecfc92) Importer(815301076,1909f56bfc062723c751e8b465ee728b)
Start importing Assets/Models/Lab/Ch16_1002_Normal.png using Guid(7d8c51e5e33aef341b0fb23e3eecfc92) Importer(815301076,1909f56bfc062723c751e8b465ee728b)  -> (artifact id: 'be688008afe18aa1df00438ac426cd38') in 0.012804 seconds 
  Import took 0.015707 seconds .

========================================================================
Received Import Request.
  Time since last request: 24.530297 seconds.
  path: Assets/Models/Lab/LookingAround
  artifactKey: Guid(f9c7c1b2e8717074b9cdf5bb4857b1b2) Importer(815301076,1909f56bfc062723c751e8b465ee728b)
Start importing Assets/Models/Lab/LookingAround using Guid(f9c7c1b2e8717074b9cdf5bb4857b1b2) Importer(815301076,1909f56bfc062723c751e8b465ee728b)  -> (artifact id: 'b7fca64cce1d9ac5c0f6994684e9de75') in 0.001931 seconds 
  Import took 0.004084 seconds .

========================================================================
Received Import Request.
  Time since last request: 159.746872 seconds.
  path: Assets/Models/Lab/textures/Intestines/Channel_Default Material_Normal Map.png
  artifactKey: Guid(55d1e9b55f7037047b6181c3c27a3dec) Importer(815301076,1909f56bfc062723c751e8b465ee728b)
Start importing Assets/Models/Lab/textures/Intestines/Channel_Default Material_Normal Map.png using Guid(55d1e9b55f7037047b6181c3c27a3dec) Importer(815301076,1909f56bfc062723c751e8b465ee728b)  -> (artifact id: '26c76dab9488d917412e6dd959a03058') in 0.029627 seconds 
  Import took 0.032972 seconds .

========================================================================
Received Prepare
Registering precompiled user dll's ...
Registered in 0.002378 seconds.
Begin MonoManager ReloadAssembly
Native extension for WindowsStandalone target not found
Native extension for WebGL target not found
Refreshing native plugins compatible for Editor in 0.31 ms, found 2 plugins.
Preloading 0 native plugins for Editor in 0.00 ms.
Mono: successfully reloaded assembly
- Completed reload, in  0.797 seconds
Domain Reload Profiling:
	ReloadAssembly (797ms)
		BeginReloadAssembly (104ms)
			ExecutionOrderSort (0ms)
			DisableScriptedObjects (5ms)
			BackupInstance (0ms)
			ReleaseScriptingObjects (0ms)
			CreateAndSetChildDomain (29ms)
		EndReloadAssembly (645ms)
			LoadAssemblies (75ms)
			RebuildTransferFunctionScriptingTraits (0ms)
			SetupTypeCache (225ms)
			ReleaseScriptCaches (1ms)
			RebuildScriptCaches (34ms)
			SetupLoadedEditorAssemblies (233ms)
				LogAssemblyErrors (0ms)
				InitializePlatformSupportModulesInManaged (5ms)
				SetLoadedEditorAssemblies (0ms)
				RefreshPlugins (0ms)
				BeforeProcessingInitializeOnLoad (64ms)
				ProcessInitializeOnLoadAttributes (158ms)
				ProcessInitializeOnLoadMethodAttributes (3ms)
				AfterProcessingInitializeOnLoad (2ms)
				EditorAssembliesLoaded (0ms)
			ExecutionOrderSort2 (0ms)
			AwakeInstancesAfterBackupRestoration (6ms)
Platform modules already initialized, skipping
Refreshing native plugins compatible for Editor in 0.34 ms, found 2 plugins.
Preloading 0 native plugins for Editor in 0.00 ms.
Unloading 1393 Unused Serialized files (Serialized files now loaded: 0)
System memory in use before: 85.1 MB.
System memory in use after: 85.2 MB.

Unloading 12 unused Assets to reduce memory usage. Loaded Objects now: 1894.
Total: 2.912500 ms (FindLiveObjects: 0.127700 ms CreateObjectMapping: 0.039300 ms MarkObjects: 2.692100 ms  DeleteObjects: 0.051900 ms)

AssetImportParameters requested are different than current active one (requested -> active):
  custom:framework-win-MediaFoundation: 216162199b28c13a410421893ffa2e32 -> 
  custom:video-decoder-ogg-theora: a1e56fd34408186e4bbccfd4996cb3dc -> 
  custom:container-muxer-webm: aa71ff27fc2769a1b78a27578f13a17b -> 
  custom:container-demuxer-webm: 4f35f7cbe854078d1ac9338744f61a02 -> 
  custom:container-demuxer-ogg: 62fdf1f143b41e24485cea50d1cbac27 -> 
  custom:video-encoder-webm-vp8: eb34c28f22e8b96e1ab97ce403110664 -> 
  custom:video-decoder-webm-vp8: 9c59270c3fd7afecdb556c50c9e8de78 -> 
  custom:audio-decoder-ogg-vorbis: bf7c407c2cedff20999df2af8eb42d56 -> 
  custom:audio-encoder-webm-vorbis: bf7c407c2cedff20999df2af8eb42d56 -> 
========================================================================
Received Import Request.
  Time since last request: 341.126109 seconds.
  path: Assets/Models/Lab/model/Looking.fbx
  artifactKey: Guid(b6d00ddb6e4fd754db7aabc5b23feef6) Importer(815301076,1909f56bfc062723c751e8b465ee728b)
Start importing Assets/Models/Lab/model/Looking.fbx using Guid(b6d00ddb6e4fd754db7aabc5b23feef6) Importer(815301076,1909f56bfc062723c751e8b465ee728b)  -> (artifact id: '817b67457a0acea488eb65813feed00c') in 0.134621 seconds 
  Import took 0.137430 seconds .

========================================================================
Received Prepare
Registering precompiled user dll's ...
Registered in 0.002485 seconds.
Begin MonoManager ReloadAssembly
Native extension for WindowsStandalone target not found
Native extension for WebGL target not found
Refreshing native plugins compatible for Editor in 0.31 ms, found 2 plugins.
Preloading 0 native plugins for Editor in 0.00 ms.
Mono: successfully reloaded assembly
- Completed reload, in  0.880 seconds
Domain Reload Profiling:
	ReloadAssembly (880ms)
		BeginReloadAssembly (115ms)
			ExecutionOrderSort (0ms)
			DisableScriptedObjects (4ms)
			BackupInstance (0ms)
			ReleaseScriptingObjects (0ms)
			CreateAndSetChildDomain (36ms)
		EndReloadAssembly (715ms)
			LoadAssemblies (80ms)
			RebuildTransferFunctionScriptingTraits (0ms)
			SetupTypeCache (250ms)
			ReleaseScriptCaches (1ms)
			RebuildScriptCaches (34ms)
			SetupLoadedEditorAssemblies (260ms)
				LogAssemblyErrors (0ms)
				InitializePlatformSupportModulesInManaged (6ms)
				SetLoadedEditorAssemblies (0ms)
				RefreshPlugins (0ms)
				BeforeProcessingInitializeOnLoad (71ms)
				ProcessInitializeOnLoadAttributes (177ms)
				ProcessInitializeOnLoadMethodAttributes (3ms)
				AfterProcessingInitializeOnLoad (2ms)
				EditorAssembliesLoaded (0ms)
			ExecutionOrderSort2 (0ms)
			AwakeInstancesAfterBackupRestoration (7ms)
Platform modules already initialized, skipping
Refreshing native plugins compatible for Editor in 0.33 ms, found 2 plugins.
Preloading 0 native plugins for Editor in 0.00 ms.
Unloading 1393 Unused Serialized files (Serialized files now loaded: 0)
System memory in use before: 85.1 MB.
System memory in use after: 85.2 MB.

Unloading 11 unused Assets to reduce memory usage. Loaded Objects now: 1897.
Total: 3.381200 ms (FindLiveObjects: 0.163500 ms CreateObjectMapping: 0.038500 ms MarkObjects: 3.151400 ms  DeleteObjects: 0.026400 ms)

AssetImportParameters requested are different than current active one (requested -> active):
  custom:framework-win-MediaFoundation: 216162199b28c13a410421893ffa2e32 -> 
  custom:video-decoder-ogg-theora: a1e56fd34408186e4bbccfd4996cb3dc -> 
  custom:container-muxer-webm: aa71ff27fc2769a1b78a27578f13a17b -> 
  custom:container-demuxer-webm: 4f35f7cbe854078d1ac9338744f61a02 -> 
  custom:container-demuxer-ogg: 62fdf1f143b41e24485cea50d1cbac27 -> 
  custom:video-encoder-webm-vp8: eb34c28f22e8b96e1ab97ce403110664 -> 
  custom:video-decoder-webm-vp8: 9c59270c3fd7afecdb556c50c9e8de78 -> 
  custom:audio-decoder-ogg-vorbis: bf7c407c2cedff20999df2af8eb42d56 -> 
  custom:audio-encoder-webm-vorbis: bf7c407c2cedff20999df2af8eb42d56 -> 
========================================================================
Received Import Request.
  Time since last request: 44.974561 seconds.
  path: Assets/Models/Lab/model/Looking.fbx
  artifactKey: Guid(b6d00ddb6e4fd754db7aabc5b23feef6) Importer(815301076,1909f56bfc062723c751e8b465ee728b)
Start importing Assets/Models/Lab/model/Looking.fbx using Guid(b6d00ddb6e4fd754db7aabc5b23feef6) Importer(815301076,1909f56bfc062723c751e8b465ee728b)  -> (artifact id: '2eef359b1e2b29bcc0f37b646d2f3199') in 0.134265 seconds 
  Import took 0.137824 seconds .

========================================================================
Received Import Request.
  Time since last request: 1299.482674 seconds.
  path: Assets/Models/Lab/Materials/Brain.mat
  artifactKey: Guid(146f654be4f6a3547ae090e1331bad69) Importer(815301076,1909f56bfc062723c751e8b465ee728b)
Start importing Assets/Models/Lab/Materials/Brain.mat using Guid(146f654be4f6a3547ae090e1331bad69) Importer(815301076,1909f56bfc062723c751e8b465ee728b)  -> (artifact id: '06f6aeb827af252356fc626317504029') in 0.053332 seconds 
  Import took 0.056059 seconds .

========================================================================
Received Import Request.
  Time since last request: 0.000376 seconds.
  path: Assets/Models/Lab/Materials/sanitizerbottlev2__white_blinn.mat
  artifactKey: Guid(db1bdc7f1b5168c4d8abfdf3b1bc387e) Importer(815301076,1909f56bfc062723c751e8b465ee728b)
Start importing Assets/Models/Lab/Materials/sanitizerbottlev2__white_blinn.mat using Guid(db1bdc7f1b5168c4d8abfdf3b1bc387e) Importer(815301076,1909f56bfc062723c751e8b465ee728b)  -> (artifact id: 'f63f07959eaeac33392ca4c685f235e2') in 0.013245 seconds 
  Import took 0.015320 seconds .

========================================================================
Received Import Request.
  Time since last request: 0.000324 seconds.
  path: Assets/Models/Lab/Materials/sanitizerbottlev2_bottlelabel_blinn.mat
  artifactKey: Guid(2d70da8075e26154098e979f223a53f8) Importer(815301076,1909f56bfc062723c751e8b465ee728b)
Start importing Assets/Models/Lab/Materials/sanitizerbottlev2_bottlelabel_blinn.mat using Guid(2d70da8075e26154098e979f223a53f8) Importer(815301076,1909f56bfc062723c751e8b465ee728b)  -> (artifact id: '0ee60020c60db327432a91acdced6955') in 0.012576 seconds 
  Import took 0.014832 seconds .

========================================================================
Received Import Request.
  Time since last request: 0.000369 seconds.
  path: Assets/Models/Lab/Materials/Eye.mat
  artifactKey: Guid(141f6d2a069a3694d9716134bdc8b3fa) Importer(815301076,1909f56bfc062723c751e8b465ee728b)
Start importing Assets/Models/Lab/Materials/Eye.mat using Guid(141f6d2a069a3694d9716134bdc8b3fa) Importer(815301076,1909f56bfc062723c751e8b465ee728b)  -> (artifact id: '8f734d7afc40f12b5699105aed0f169d') in 0.029500 seconds 
  Import took 0.031597 seconds .

========================================================================
Received Import Request.
  Time since last request: 0.000369 seconds.
  path: Assets/Models/Lab/Materials/metal.001.mat
  artifactKey: Guid(fbf2b20095b73db40ac068d332324e2e) Importer(815301076,1909f56bfc062723c751e8b465ee728b)
Start importing Assets/Models/Lab/Materials/metal.001.mat using Guid(fbf2b20095b73db40ac068d332324e2e) Importer(815301076,1909f56bfc062723c751e8b465ee728b)  -> (artifact id: '45e27e4b01c1ab6adc8428c55f847379') in 0.061750 seconds 
  Import took 0.063781 seconds .

========================================================================
Received Import Request.
  Time since last request: 0.000344 seconds.
  path: Assets/Models/Lab/Materials/MedicalCart.mat
  artifactKey: Guid(c799678c69a3b0844aea295e9ed331d3) Importer(815301076,1909f56bfc062723c751e8b465ee728b)
Start importing Assets/Models/Lab/Materials/MedicalCart.mat using Guid(c799678c69a3b0844aea295e9ed331d3) Importer(815301076,1909f56bfc062723c751e8b465ee728b)  -> (artifact id: '2e272f403f38273d9d42ca2688363409') in 0.050100 seconds 
  Import took 0.052267 seconds .

========================================================================
Received Import Request.
  Time since last request: 0.000429 seconds.
  path: Assets/Models/Lab/Materials/metal.002.mat
  artifactKey: Guid(d690704a3b3f04b40a701edc3283f22b) Importer(815301076,1909f56bfc062723c751e8b465ee728b)
Start importing Assets/Models/Lab/Materials/metal.002.mat using Guid(d690704a3b3f04b40a701edc3283f22b) Importer(815301076,1909f56bfc062723c751e8b465ee728b)  -> (artifact id: '764adcc332bf61e1288a92bb67a709c1') in 0.021598 seconds 
  Import took 0.023673 seconds .

========================================================================
Received Import Request.
  Time since last request: 0.000371 seconds.
  path: Assets/Models/Lab/Materials/Material.002.mat
  artifactKey: Guid(521cadea8430061449412e81f85f4c87) Importer(815301076,1909f56bfc062723c751e8b465ee728b)
Start importing Assets/Models/Lab/Materials/Material.002.mat using Guid(521cadea8430061449412e81f85f4c87) Importer(815301076,1909f56bfc062723c751e8b465ee728b)  -> (artifact id: 'b0ac289329000cf4b9af664f9f8e1c75') in 0.019225 seconds 
  Import took 0.021256 seconds .

========================================================================
Received Import Request.
  Time since last request: 0.000337 seconds.
  path: Assets/Models/Lab/Materials/Sthethoscope.mat
  artifactKey: Guid(14f92a2187f091249a31f43479ae9da9) Importer(815301076,1909f56bfc062723c751e8b465ee728b)
Start importing Assets/Models/Lab/Materials/Sthethoscope.mat using Guid(14f92a2187f091249a31f43479ae9da9) Importer(815301076,1909f56bfc062723c751e8b465ee728b)  -> (artifact id: '14cdd6a7d7a67d3bd665ff89c8b3a42d') in 0.020422 seconds 
  Import took 0.022540 seconds .

========================================================================
Received Import Request.
  Time since last request: 0.000336 seconds.
  path: Assets/Models/Lab/Materials/ChemLab_1024.mat
  artifactKey: Guid(7b258c3f86eb03a40903f0eb0db4280d) Importer(815301076,1909f56bfc062723c751e8b465ee728b)
Start importing Assets/Models/Lab/Materials/ChemLab_1024.mat using Guid(7b258c3f86eb03a40903f0eb0db4280d) Importer(815301076,1909f56bfc062723c751e8b465ee728b)  -> (artifact id: 'c2d5995e5f81987188d58588e5a6bde7') in 0.087039 seconds 
  Import took 0.089447 seconds .

========================================================================
Received Import Request.
  Time since last request: 0.000354 seconds.
  path: Assets/Models/Lab/Materials/Tray.mat
  artifactKey: Guid(32d7eaa08fef66946bf976700d086bee) Importer(815301076,1909f56bfc062723c751e8b465ee728b)
Start importing Assets/Models/Lab/Materials/Tray.mat using Guid(32d7eaa08fef66946bf976700d086bee) Importer(815301076,1909f56bfc062723c751e8b465ee728b)  -> (artifact id: '5c3520dbb4a6928664c770b3918cd8c3') in 0.064399 seconds 
  Import took 0.066584 seconds .

========================================================================
Received Prepare
Registering precompiled user dll's ...
Registered in 0.003045 seconds.
Begin MonoManager ReloadAssembly
Native extension for WindowsStandalone target not found
Native extension for WebGL target not found
Refreshing native plugins compatible for Editor in 0.31 ms, found 2 plugins.
Preloading 0 native plugins for Editor in 0.00 ms.
Mono: successfully reloaded assembly
- Completed reload, in  0.968 seconds
Domain Reload Profiling:
	ReloadAssembly (968ms)
		BeginReloadAssembly (105ms)
			ExecutionOrderSort (0ms)
			DisableScriptedObjects (5ms)
			BackupInstance (0ms)
			ReleaseScriptingObjects (0ms)
			CreateAndSetChildDomain (31ms)
		EndReloadAssembly (805ms)
			LoadAssemblies (83ms)
			RebuildTransferFunctionScriptingTraits (0ms)
			SetupTypeCache (265ms)
			ReleaseScriptCaches (1ms)
			RebuildScriptCaches (33ms)
			SetupLoadedEditorAssemblies (232ms)
				LogAssemblyErrors (0ms)
				InitializePlatformSupportModulesInManaged (5ms)
				SetLoadedEditorAssemblies (0ms)
				RefreshPlugins (0ms)
				BeforeProcessingInitializeOnLoad (65ms)
				ProcessInitializeOnLoadAttributes (156ms)
				ProcessInitializeOnLoadMethodAttributes (3ms)
				AfterProcessingInitializeOnLoad (2ms)
				EditorAssembliesLoaded (0ms)
			ExecutionOrderSort2 (0ms)
			AwakeInstancesAfterBackupRestoration (6ms)
Platform modules already initialized, skipping
Refreshing native plugins compatible for Editor in 0.38 ms, found 2 plugins.
Preloading 0 native plugins for Editor in 0.00 ms.
Unloading 1393 Unused Serialized files (Serialized files now loaded: 0)
System memory in use before: 85.1 MB.
System memory in use after: 85.3 MB.

Unloading 11 unused Assets to reduce memory usage. Loaded Objects now: 1900.
Total: 2.862700 ms (FindLiveObjects: 0.144200 ms CreateObjectMapping: 0.034700 ms MarkObjects: 2.661900 ms  DeleteObjects: 0.020400 ms)

AssetImportParameters requested are different than current active one (requested -> active):
  custom:framework-win-MediaFoundation: 216162199b28c13a410421893ffa2e32 -> 
  custom:video-decoder-ogg-theora: a1e56fd34408186e4bbccfd4996cb3dc -> 
  custom:container-muxer-webm: aa71ff27fc2769a1b78a27578f13a17b -> 
  custom:container-demuxer-webm: 4f35f7cbe854078d1ac9338744f61a02 -> 
  custom:container-demuxer-ogg: 62fdf1f143b41e24485cea50d1cbac27 -> 
  custom:video-encoder-webm-vp8: eb34c28f22e8b96e1ab97ce403110664 -> 
  custom:video-decoder-webm-vp8: 9c59270c3fd7afecdb556c50c9e8de78 -> 
  custom:audio-decoder-ogg-vorbis: bf7c407c2cedff20999df2af8eb42d56 -> 
  custom:audio-encoder-webm-vorbis: bf7c407c2cedff20999df2af8eb42d56 -> 
========================================================================
Received Import Request.
  Time since last request: 1280.967777 seconds.
  path: Assets/Models/Lab/textures/Hj├ñrna3_1_normal.png
  artifactKey: Guid(7b00e45d8ded760449835b804de82193) Importer(815301076,1909f56bfc062723c751e8b465ee728b)
Start importing Assets/Models/Lab/textures/Hj├ñrna3_1_normal.png using Guid(7b00e45d8ded760449835b804de82193) Importer(815301076,1909f56bfc062723c751e8b465ee728b)  -> (artifact id: '2c000e9c289552ef6b56f6576d3b89be') in 0.051978 seconds 
  Import took 0.054921 seconds .

========================================================================
Received Import Request.
  Time since last request: 0.000379 seconds.
  path: Assets/Models/Lab/textures/Monitor screen.mat
  artifactKey: Guid(15a47bfa9bbf9844bbcd54298db2195c) Importer(815301076,1909f56bfc062723c751e8b465ee728b)
Start importing Assets/Models/Lab/textures/Monitor screen.mat using Guid(15a47bfa9bbf9844bbcd54298db2195c) Importer(815301076,1909f56bfc062723c751e8b465ee728b)  -> (artifact id: 'c508d00d632a38828732868e819cb6e0') in 0.787091 seconds 
  Import took 0.789702 seconds .

========================================================================
Received Import Request.
  Time since last request: 0.000393 seconds.
  path: Assets/Models/Lab/textures/MedicalCart_low_lambert1_BaseColor.tga.png
  artifactKey: Guid(4ae5580be5e8f9848bb5da1cfc612277) Importer(815301076,1909f56bfc062723c751e8b465ee728b)
Start importing Assets/Models/Lab/textures/MedicalCart_low_lambert1_BaseColor.tga.png using Guid(4ae5580be5e8f9848bb5da1cfc612277) Importer(815301076,1909f56bfc062723c751e8b465ee728b)  -> (artifact id: 'b263950bec6563fc7b31335c94102ae2') in 0.247676 seconds 
  Import took 0.250545 seconds .

========================================================================
Received Import Request.
  Time since last request: 0.000381 seconds.
  path: Assets/Models/Lab/textures/tray_Material.001_Normal.png
  artifactKey: Guid(a6b7e979f755520468d5b58c2bf11e1a) Importer(815301076,1909f56bfc062723c751e8b465ee728b)
Start importing Assets/Models/Lab/textures/tray_Material.001_Normal.png using Guid(a6b7e979f755520468d5b58c2bf11e1a) Importer(815301076,1909f56bfc062723c751e8b465ee728b)  -> (artifact id: '784b79c8aff59b0ac6fd1d4392615e12') in 0.025317 seconds 
  Import took 0.028312 seconds .

========================================================================
Received Import Request.
  Time since last request: 0.000396 seconds.
  path: Assets/Models/Lab/textures/sanitizerbottlev2_white_out_uv.png
  artifactKey: Guid(b4d805fb8c1b92f40adcd7c1e5f2b868) Importer(815301076,1909f56bfc062723c751e8b465ee728b)
Start importing Assets/Models/Lab/textures/sanitizerbottlev2_white_out_uv.png using Guid(b4d805fb8c1b92f40adcd7c1e5f2b868) Importer(815301076,1909f56bfc062723c751e8b465ee728b)  -> (artifact id: 'a7cf6163bef55b75c46c6460944a9f3e') in 0.012178 seconds 
  Import took 0.014771 seconds .

========================================================================
Received Import Request.
  Time since last request: 0.000369 seconds.
  path: Assets/Models/Lab/textures/MedicalCart_low_lambert1_Normal.tga.png
  artifactKey: Guid(31d33396864d638468af9ce8447f898a) Importer(815301076,1909f56bfc062723c751e8b465ee728b)
Start importing Assets/Models/Lab/textures/MedicalCart_low_lambert1_Normal.tga.png using Guid(31d33396864d638468af9ce8447f898a) Importer(815301076,1909f56bfc062723c751e8b465ee728b)  -> (artifact id: 'b61eb97736fdee9fc7a1c0a6217dfcb7') in 0.043756 seconds 
  Import took 0.045993 seconds .

========================================================================
Received Import Request.
  Time since last request: 0.000379 seconds.
  path: Assets/Models/Lab/textures/sanitizerbottlev2_green_blinn.mat
  artifactKey: Guid(0e6418f8bf30d4b4c906b346abaceb54) Importer(815301076,1909f56bfc062723c751e8b465ee728b)
Start importing Assets/Models/Lab/textures/sanitizerbottlev2_green_blinn.mat using Guid(0e6418f8bf30d4b4c906b346abaceb54) Importer(815301076,1909f56bfc062723c751e8b465ee728b)  -> (artifact id: '280c9cfb026771ebe7087f7129611dfa') in 0.095943 seconds 
  Import took 0.097983 seconds .

========================================================================
Received Prepare
Registering precompiled user dll's ...
Registered in 0.003716 seconds.
Begin MonoManager ReloadAssembly
Native extension for WindowsStandalone target not found
Native extension for WebGL target not found
Refreshing native plugins compatible for Editor in 0.42 ms, found 2 plugins.
Preloading 0 native plugins for Editor in 0.00 ms.
Mono: successfully reloaded assembly
- Completed reload, in  0.922 seconds
Domain Reload Profiling:
	ReloadAssembly (922ms)
		BeginReloadAssembly (114ms)
			ExecutionOrderSort (0ms)
			DisableScriptedObjects (5ms)
			BackupInstance (0ms)
			ReleaseScriptingObjects (0ms)
			CreateAndSetChildDomain (34ms)
		EndReloadAssembly (751ms)
			LoadAssemblies (87ms)
			RebuildTransferFunctionScriptingTraits (0ms)
			SetupTypeCache (256ms)
			ReleaseScriptCaches (1ms)
			RebuildScriptCaches (41ms)
			SetupLoadedEditorAssemblies (275ms)
				LogAssemblyErrors (0ms)
				InitializePlatformSupportModulesInManaged (6ms)
				SetLoadedEditorAssemblies (1ms)
				RefreshPlugins (0ms)
				BeforeProcessingInitializeOnLoad (76ms)
				ProcessInitializeOnLoadAttributes (185ms)
				ProcessInitializeOnLoadMethodAttributes (4ms)
				AfterProcessingInitializeOnLoad (2ms)
				EditorAssembliesLoaded (0ms)
			ExecutionOrderSort2 (0ms)
			AwakeInstancesAfterBackupRestoration (6ms)
Platform modules already initialized, skipping
Refreshing native plugins compatible for Editor in 0.36 ms, found 2 plugins.
Preloading 0 native plugins for Editor in 0.00 ms.
Unloading 1393 Unused Serialized files (Serialized files now loaded: 0)
System memory in use before: 85.2 MB.
System memory in use after: 85.3 MB.

Unloading 11 unused Assets to reduce memory usage. Loaded Objects now: 1904.
Total: 3.093500 ms (FindLiveObjects: 0.151500 ms CreateObjectMapping: 0.050400 ms MarkObjects: 2.867400 ms  DeleteObjects: 0.023000 ms)

AssetImportParameters requested are different than current active one (requested -> active):
  custom:framework-win-MediaFoundation: 216162199b28c13a410421893ffa2e32 -> 
  custom:video-decoder-ogg-theora: a1e56fd34408186e4bbccfd4996cb3dc -> 
  custom:container-muxer-webm: aa71ff27fc2769a1b78a27578f13a17b -> 
  custom:container-demuxer-webm: 4f35f7cbe854078d1ac9338744f61a02 -> 
  custom:container-demuxer-ogg: 62fdf1f143b41e24485cea50d1cbac27 -> 
  custom:video-encoder-webm-vp8: eb34c28f22e8b96e1ab97ce403110664 -> 
  custom:video-decoder-webm-vp8: 9c59270c3fd7afecdb556c50c9e8de78 -> 
  custom:audio-decoder-ogg-vorbis: bf7c407c2cedff20999df2af8eb42d56 -> 
  custom:audio-encoder-webm-vorbis: bf7c407c2cedff20999df2af8eb42d56 -> 
========================================================================
Received Prepare
Registering precompiled user dll's ...
Registered in 0.004944 seconds.
Begin MonoManager ReloadAssembly
Native extension for WindowsStandalone target not found
Native extension for WebGL target not found
Refreshing native plugins compatible for Editor in 0.47 ms, found 2 plugins.
Preloading 0 native plugins for Editor in 0.00 ms.
Mono: successfully reloaded assembly
- Completed reload, in  0.924 seconds
Domain Reload Profiling:
	ReloadAssembly (925ms)
		BeginReloadAssembly (127ms)
			ExecutionOrderSort (0ms)
			DisableScriptedObjects (5ms)
			BackupInstance (0ms)
			ReleaseScriptingObjects (0ms)
			CreateAndSetChildDomain (46ms)
		EndReloadAssembly (742ms)
			LoadAssemblies (85ms)
			RebuildTransferFunctionScriptingTraits (0ms)
			SetupTypeCache (264ms)
			ReleaseScriptCaches (1ms)
			RebuildScriptCaches (38ms)
			SetupLoadedEditorAssemblies (266ms)
				LogAssemblyErrors (0ms)
				InitializePlatformSupportModulesInManaged (6ms)
				SetLoadedEditorAssemblies (1ms)
				RefreshPlugins (1ms)
				BeforeProcessingInitializeOnLoad (76ms)
				ProcessInitializeOnLoadAttributes (177ms)
				ProcessInitializeOnLoadMethodAttributes (4ms)
				AfterProcessingInitializeOnLoad (2ms)
				EditorAssembliesLoaded (0ms)
			ExecutionOrderSort2 (0ms)
			AwakeInstancesAfterBackupRestoration (7ms)
Platform modules already initialized, skipping
Refreshing native plugins compatible for Editor in 0.30 ms, found 2 plugins.
Preloading 0 native plugins for Editor in 0.00 ms.
Unloading 1393 Unused Serialized files (Serialized files now loaded: 0)
System memory in use before: 85.2 MB.
System memory in use after: 85.3 MB.

Unloading 11 unused Assets to reduce memory usage. Loaded Objects now: 1906.
Total: 3.619100 ms (FindLiveObjects: 0.233300 ms CreateObjectMapping: 0.049800 ms MarkObjects: 3.313700 ms  DeleteObjects: 0.020500 ms)

AssetImportParameters requested are different than current active one (requested -> active):
  custom:framework-win-MediaFoundation: 216162199b28c13a410421893ffa2e32 -> 
  custom:video-decoder-ogg-theora: a1e56fd34408186e4bbccfd4996cb3dc -> 
  custom:container-muxer-webm: aa71ff27fc2769a1b78a27578f13a17b -> 
  custom:container-demuxer-webm: 4f35f7cbe854078d1ac9338744f61a02 -> 
  custom:container-demuxer-ogg: 62fdf1f143b41e24485cea50d1cbac27 -> 
  custom:video-encoder-webm-vp8: eb34c28f22e8b96e1ab97ce403110664 -> 
  custom:video-decoder-webm-vp8: 9c59270c3fd7afecdb556c50c9e8de78 -> 
  custom:audio-decoder-ogg-vorbis: bf7c407c2cedff20999df2af8eb42d56 -> 
  custom:audio-encoder-webm-vorbis: bf7c407c2cedff20999df2af8eb42d56 -> 
========================================================================
Received Import Request.
  Time since last request: 251.477499 seconds.
  path: Assets/Models/Lab/textures/New Material.mat
  artifactKey: Guid(fea9a3d5dec8b3e4f88912c05e54595d) Importer(815301076,1909f56bfc062723c751e8b465ee728b)
Start importing Assets/Models/Lab/textures/New Material.mat using Guid(fea9a3d5dec8b3e4f88912c05e54595d) Importer(815301076,1909f56bfc062723c751e8b465ee728b)  -> (artifact id: 'bfd36a8f2940ef96cc54591b69a3b6a4') in 0.058007 seconds 
  Import took 0.060301 seconds .

========================================================================
Received Prepare
Registering precompiled user dll's ...
Registered in 0.002406 seconds.
Begin MonoManager ReloadAssembly
Native extension for WindowsStandalone target not found
Native extension for WebGL target not found
Refreshing native plugins compatible for Editor in 0.36 ms, found 2 plugins.
Preloading 0 native plugins for Editor in 0.00 ms.
Mono: successfully reloaded assembly
- Completed reload, in  0.837 seconds
Domain Reload Profiling:
	ReloadAssembly (838ms)
		BeginReloadAssembly (102ms)
			ExecutionOrderSort (0ms)
			DisableScriptedObjects (4ms)
			BackupInstance (0ms)
			ReleaseScriptingObjects (0ms)
			CreateAndSetChildDomain (31ms)
		EndReloadAssembly (684ms)
			LoadAssemblies (78ms)
			RebuildTransferFunctionScriptingTraits (0ms)
			SetupTypeCache (241ms)
			ReleaseScriptCaches (1ms)
			RebuildScriptCaches (36ms)
			SetupLoadedEditorAssemblies (243ms)
				LogAssemblyErrors (0ms)
				InitializePlatformSupportModulesInManaged (5ms)
				SetLoadedEditorAssemblies (0ms)
				RefreshPlugins (0ms)
				BeforeProcessingInitializeOnLoad (69ms)
				ProcessInitializeOnLoadAttributes (162ms)
				ProcessInitializeOnLoadMethodAttributes (3ms)
				AfterProcessingInitializeOnLoad (2ms)
				EditorAssembliesLoaded (0ms)
			ExecutionOrderSort2 (0ms)
			AwakeInstancesAfterBackupRestoration (6ms)
Platform modules already initialized, skipping
Refreshing native plugins compatible for Editor in 0.35 ms, found 2 plugins.
Preloading 0 native plugins for Editor in 0.00 ms.
Unloading 1393 Unused Serialized files (Serialized files now loaded: 0)
System memory in use before: 85.2 MB.
System memory in use after: 85.3 MB.

Unloading 11 unused Assets to reduce memory usage. Loaded Objects now: 1909.
Total: 3.382500 ms (FindLiveObjects: 0.152300 ms CreateObjectMapping: 0.049500 ms MarkObjects: 3.133900 ms  DeleteObjects: 0.045100 ms)

AssetImportParameters requested are different than current active one (requested -> active):
  custom:framework-win-MediaFoundation: 216162199b28c13a410421893ffa2e32 -> 
  custom:video-decoder-ogg-theora: a1e56fd34408186e4bbccfd4996cb3dc -> 
  custom:container-muxer-webm: aa71ff27fc2769a1b78a27578f13a17b -> 
  custom:container-demuxer-webm: 4f35f7cbe854078d1ac9338744f61a02 -> 
  custom:container-demuxer-ogg: 62fdf1f143b41e24485cea50d1cbac27 -> 
  custom:video-encoder-webm-vp8: eb34c28f22e8b96e1ab97ce403110664 -> 
  custom:video-decoder-webm-vp8: 9c59270c3fd7afecdb556c50c9e8de78 -> 
  custom:audio-decoder-ogg-vorbis: bf7c407c2cedff20999df2af8eb42d56 -> 
  custom:audio-encoder-webm-vorbis: bf7c407c2cedff20999df2af8eb42d56 -> 
========================================================================
Received Import Request.
  Time since last request: 397.196113 seconds.
  path: Assets/Models/Lab/textures/New Material.mat
  artifactKey: Guid(fea9a3d5dec8b3e4f88912c05e54595d) Importer(815301076,1909f56bfc062723c751e8b465ee728b)
Start importing Assets/Models/Lab/textures/New Material.mat using Guid(fea9a3d5dec8b3e4f88912c05e54595d) Importer(815301076,1909f56bfc062723c751e8b465ee728b)  -> (artifact id: '6d8beca70579786a8739fae0660b5cff') in 0.262952 seconds 
  Import took 0.265208 seconds .

AssetImportWorkerClient::OnTransportError - code=2 error=End of file
