Using pre-set license
Built from '2020.3/staging' branch; Version is '2020.3.20f1 (41c4e627c95f) revision 4310246'; Using compiler version '192528614'; Build Type 'Release'
OS: 'Windows 10 Home; OS build 22000.194; Version 2009; 64bit' Language: 'en' Physical Memory: 16126 MB
BatchMode: 1, IsHumanControllingUs: 0, StartBugReporterOnCrash: 0, Is64bit: 1, IsPro: 0

COMMAND LINE ARGUMENTS:
C:\Program Files\Unity\Hub\Editor\2020.3.20f1\Editor\Unity.exe
-adb2
-batchMode
-noUpm
-name
AssetImportWorker0
-projectPath
D:/Documents2/Unity/Github/Projects/XR5G_VR
-logFile
Logs/AssetImportWorker0.log
-srvPort
64990
Successfully changed project path to: D:/Documents2/Unity/Github/Projects/XR5G_VR
D:/Documents2/Unity/Github/Projects/XR5G_VR
Using Asset Import Pipeline V2.
Refreshing native plugins compatible for Editor in 20.24 ms, found 2 plugins.
Preloading 0 native plugins for Editor in 0.00 ms.
Initialize engine version: 2020.3.20f1 (41c4e627c95f)
[Subsystems] Discovering subsystems at path C:/Program Files/Unity/Hub/Editor/2020.3.20f1/Editor/Data/Resources/UnitySubsystems
[Subsystems] Discovering subsystems at path D:/Documents2/Unity/Github/Projects/XR5G_VR/Assets
GfxDevice: creating device client; threaded=0
Direct3D:
    Version:  Direct3D 11.0 [level 11.1]
    Renderer: NVIDIA GeForce RTX 3060 Laptop GPU (ID=0x2560)
    Vendor:   
    VRAM:     6023 MB
    Driver:   30.0.15.1169
Initialize mono
Mono path[0] = 'C:/Program Files/Unity/Hub/Editor/2020.3.20f1/Editor/Data/Managed'
Mono path[1] = 'C:/Program Files/Unity/Hub/Editor/2020.3.20f1/Editor/Data/MonoBleedingEdge/lib/mono/unityjit'
Mono config path = 'C:/Program Files/Unity/Hub/Editor/2020.3.20f1/Editor/Data/MonoBleedingEdge/etc'
Using monoOptions --debugger-agent=transport=dt_socket,embedding=1,server=y,suspend=n,address=127.0.0.1:56872
Begin MonoManager ReloadAssembly
Registering precompiled unity dll's ...
Register platform support module: C:/Program Files/Unity/Hub/Editor/2020.3.20f1/Editor/Data/PlaybackEngines/WindowsStandaloneSupport/UnityEditor.WindowsStandalone.Extensions.dll
Registered in 0.001347 seconds.
Native extension for WindowsStandalone target not found
Refreshing native plugins compatible for Editor in 22.94 ms, found 2 plugins.
Preloading 0 native plugins for Editor in 0.00 ms.
Mono: successfully reloaded assembly
- Completed reload, in  0.634 seconds
Domain Reload Profiling:
	ReloadAssembly (635ms)
		BeginReloadAssembly (32ms)
			ExecutionOrderSort (0ms)
			DisableScriptedObjects (0ms)
			BackupInstance (0ms)
			ReleaseScriptingObjects (0ms)
			CreateAndSetChildDomain (1ms)
		EndReloadAssembly (274ms)
			LoadAssemblies (31ms)
			RebuildTransferFunctionScriptingTraits (0ms)
			SetupTypeCache (95ms)
			ReleaseScriptCaches (0ms)
			RebuildScriptCaches (20ms)
			SetupLoadedEditorAssemblies (116ms)
				LogAssemblyErrors (0ms)
				InitializePlatformSupportModulesInManaged (3ms)
				SetLoadedEditorAssemblies (0ms)
				RefreshPlugins (23ms)
				BeforeProcessingInitializeOnLoad (13ms)
				ProcessInitializeOnLoadAttributes (58ms)
				ProcessInitializeOnLoadMethodAttributes (19ms)
				AfterProcessingInitializeOnLoad (0ms)
				EditorAssembliesLoaded (0ms)
			ExecutionOrderSort2 (0ms)
			AwakeInstancesAfterBackupRestoration (0ms)
Platform modules already initialized, skipping
Registering precompiled user dll's ...
Registered in 0.000917 seconds.
Begin MonoManager ReloadAssembly
Native extension for WindowsStandalone target not found
Refreshing native plugins compatible for Editor in 0.27 ms, found 2 plugins.
Preloading 0 native plugins for Editor in 0.00 ms.
Mono: successfully reloaded assembly
- Completed reload, in  0.632 seconds
Domain Reload Profiling:
	ReloadAssembly (633ms)
		BeginReloadAssembly (97ms)
			ExecutionOrderSort (0ms)
			DisableScriptedObjects (3ms)
			BackupInstance (0ms)
			ReleaseScriptingObjects (0ms)
			CreateAndSetChildDomain (14ms)
		EndReloadAssembly (497ms)
			LoadAssemblies (55ms)
			RebuildTransferFunctionScriptingTraits (0ms)
			SetupTypeCache (166ms)
			ReleaseScriptCaches (0ms)
			RebuildScriptCaches (26ms)
			SetupLoadedEditorAssemblies (191ms)
				LogAssemblyErrors (0ms)
				InitializePlatformSupportModulesInManaged (3ms)
				SetLoadedEditorAssemblies (0ms)
				RefreshPlugins (0ms)
				BeforeProcessingInitializeOnLoad (48ms)
				ProcessInitializeOnLoadAttributes (133ms)
				ProcessInitializeOnLoadMethodAttributes (3ms)
				AfterProcessingInitializeOnLoad (3ms)
				EditorAssembliesLoaded (0ms)
			ExecutionOrderSort2 (0ms)
			AwakeInstancesAfterBackupRestoration (5ms)
Platform modules already initialized, skipping
========================================================================
Worker process is ready to serve import requests
Launched and connected shader compiler UnityShaderCompiler.exe after 0.04 seconds
Refreshing native plugins compatible for Editor in 0.29 ms, found 2 plugins.
Preloading 0 native plugins for Editor in 0.00 ms.
Unloading 1399 Unused Serialized files (Serialized files now loaded: 0)
System memory in use before: 64.8 MB.
System memory in use after: 64.9 MB.

Unloading 16 unused Assets to reduce memory usage. Loaded Objects now: 1834.
Total: 2.138500 ms (FindLiveObjects: 0.117100 ms CreateObjectMapping: 0.025000 ms MarkObjects: 1.932500 ms  DeleteObjects: 0.062700 ms)

AssetImportParameters requested are different than current active one (requested -> active):
  custom:framework-win-MediaFoundation: 216162199b28c13a410421893ffa2e32 -> 
  custom:video-decoder-ogg-theora: a1e56fd34408186e4bbccfd4996cb3dc -> 
  custom:container-muxer-webm: aa71ff27fc2769a1b78a27578f13a17b -> 
  custom:container-demuxer-webm: 4f35f7cbe854078d1ac9338744f61a02 -> 
  custom:container-demuxer-ogg: 62fdf1f143b41e24485cea50d1cbac27 -> 
  custom:video-encoder-webm-vp8: eb34c28f22e8b96e1ab97ce403110664 -> 
  custom:video-codec-MediaFoundation-h265: 746d11721c4dcdbdad8f713fa42b33f4 -> 
  custom:video-decoder-webm-vp8: 9c59270c3fd7afecdb556c50c9e8de78 -> 
  custom:audio-decoder-ogg-vorbis: bf7c407c2cedff20999df2af8eb42d56 -> 
  custom:audio-encoder-webm-vorbis: bf7c407c2cedff20999df2af8eb42d56 -> 
========================================================================
Received Import Request.
  path: Assets/Scenes
  artifactKey: Guid(a894889fd9f06e948a9997f44722b0b9) Importer(815301076,1909f56bfc062723c751e8b465ee728b)
Start importing Assets/Scenes using Guid(a894889fd9f06e948a9997f44722b0b9) Importer(815301076,1909f56bfc062723c751e8b465ee728b)  -> (artifact id: '33f30ac8734e84f79c455157c5c65359') in 0.003384 seconds 
  Import took 0.005583 seconds .

========================================================================
Received Import Request.
  Time since last request: 5.519915 seconds.
  path: Assets/Scenes/Maliq.unity
  artifactKey: Guid(2379c45c51fe1574fa0360cf6b0274be) Importer(815301076,1909f56bfc062723c751e8b465ee728b)
Start importing Assets/Scenes/Maliq.unity using Guid(2379c45c51fe1574fa0360cf6b0274be) Importer(815301076,1909f56bfc062723c751e8b465ee728b)  -> (artifact id: '6dc5deb8398ab9f4f688baf7f4d047a8') in 0.009350 seconds 
  Import took 0.011330 seconds .

========================================================================
Received Import Request.
  Time since last request: 115.136491 seconds.
  path: Assets/Models
  artifactKey: Guid(fc28c083b1445f94ca59be462c0cea75) Importer(815301076,1909f56bfc062723c751e8b465ee728b)
Start importing Assets/Models using Guid(fc28c083b1445f94ca59be462c0cea75) Importer(815301076,1909f56bfc062723c751e8b465ee728b)  -> (artifact id: 'e40a2255452146205b1668de83812633') in 0.000867 seconds 
  Import took 0.002996 seconds .

========================================================================
Received Import Request.
  Time since last request: 21.204565 seconds.
  path: Assets/Models/Ericsson hackathon
  artifactKey: Guid(d73500a8f59bdf84c962455dd33e5cae) Importer(815301076,1909f56bfc062723c751e8b465ee728b)
Start importing Assets/Models/Ericsson hackathon using Guid(d73500a8f59bdf84c962455dd33e5cae) Importer(815301076,1909f56bfc062723c751e8b465ee728b)  -> (artifact id: '016d22abe3ead88572ab953b7bc1c4d8') in 0.001798 seconds 
  Import took 0.004006 seconds .

========================================================================
Received Import Request.
  Time since last request: 0.800601 seconds.
  path: Assets/Models/Ericsson hackathon/digestive system/digestive system.fbx
  artifactKey: Guid(8f60ce3af41501e4a8bc0f8ee132c886) Importer(815301076,1909f56bfc062723c751e8b465ee728b)
Start importing Assets/Models/Ericsson hackathon/digestive system/digestive system.fbx using Guid(8f60ce3af41501e4a8bc0f8ee132c886) Importer(815301076,1909f56bfc062723c751e8b465ee728b)  -> (artifact id: 'abbe29ec378e69d93c578f0bfd211813') in 0.252551 seconds 
  Import took 0.254888 seconds .

========================================================================
Received Import Request.
  Time since last request: 0.000222 seconds.
  path: Assets/Models/Ericsson hackathon/digestive system
  artifactKey: Guid(6d83846410ec3c1429492e1d1ab4c354) Importer(815301076,1909f56bfc062723c751e8b465ee728b)
Start importing Assets/Models/Ericsson hackathon/digestive system using Guid(6d83846410ec3c1429492e1d1ab4c354) Importer(815301076,1909f56bfc062723c751e8b465ee728b)  -> (artifact id: '5606a41dc6ba98684b6da99693995225') in 0.000842 seconds 
  Import took 0.002533 seconds .

AssetImportWorkerClient::OnTransportError - code=2 error=End of file
